<?xml version="1.0" encoding="UTF-8"?>
<coverage generated="1776270717615" clover="3.2.0">
  <project timestamp="1776270717615" name="All files">
    <metrics statements="656" coveredstatements="656" conditionals="194" coveredconditionals="188" methods="36" coveredmethods="36" elements="886" coveredelements="880" complexity="0" loc="656" ncloc="656" packages="4" files="6" classes="6"/>
    <package name="app.api.trips.[id].days.[dayId]">
      <metrics statements="63" coveredstatements="63" conditionals="19" coveredconditionals="19" methods="3" coveredmethods="3"/>
      <file name="route.ts" path="/Users/nhn/git-project/idean3885/trip-planner/src/app/api/trips/[id]/days/[dayId]/route.ts">
        <metrics statements="63" coveredstatements="63" conditionals="19" coveredconditionals="19" methods="3" coveredmethods="3"/>
        <line num="1" count="1" type="stmt"/>
        <line num="2" count="1" type="stmt"/>
        <line num="3" count="1" type="stmt"/>
        <line num="7" count="4" type="cond" truecount="1" falsecount="0"/>
        <line num="8" count="4" type="stmt"/>
        <line num="9" count="4" type="stmt"/>
        <line num="10" count="4" type="stmt"/>
        <line num="11" count="4" type="cond" truecount="1" falsecount="0"/>
        <line num="12" count="1" type="stmt"/>
        <line num="13" count="1" type="cond" truecount="1" falsecount="0"/>
        <line num="15" count="3" type="stmt"/>
        <line num="16" count="4" type="cond" truecount="1" falsecount="0"/>
        <line num="17" count="1" type="stmt"/>
        <line num="18" count="1" type="cond" truecount="1" falsecount="0"/>
        <line num="20" count="2" type="stmt"/>
        <line num="21" count="2" type="stmt"/>
        <line num="22" count="2" type="stmt"/>
        <line num="23" count="2" type="stmt"/>
        <line num="24" count="2" type="stmt"/>
        <line num="25" count="2" type="stmt"/>
        <line num="26" count="4" type="cond" truecount="1" falsecount="0"/>
        <line num="27" count="1" type="stmt"/>
        <line num="28" count="1" type="stmt"/>
        <line num="30" count="1" type="stmt"/>
        <line num="31" count="1" type="stmt"/>
        <line num="34" count="4" type="cond" truecount="1" falsecount="0"/>
        <line num="35" count="4" type="stmt"/>
        <line num="36" count="4" type="stmt"/>
        <line num="37" count="4" type="stmt"/>
        <line num="38" count="4" type="cond" truecount="1" falsecount="0"/>
        <line num="39" count="1" type="stmt"/>
        <line num="40" count="1" type="cond" truecount="1" falsecount="0"/>
        <line num="42" count="4" type="cond" truecount="1" falsecount="0"/>
        <line num="43" count="1" type="stmt"/>
        <line num="44" count="1" type="cond" truecount="1" falsecount="0"/>
        <line num="46" count="2" type="stmt"/>
        <line num="47" count="2" type="stmt"/>
        <line num="49" count="2" type="stmt"/>
        <line num="50" count="2" type="stmt"/>
        <line num="51" count="2" type="stmt"/>
        <line num="52" count="2" type="stmt"/>
        <line num="53" count="4" type="cond" truecount="1" falsecount="0"/>
        <line num="54" count="4" type="cond" truecount="1" falsecount="0"/>
        <line num="55" count="4" type="cond" truecount="1" falsecount="0"/>
        <line num="56" count="4" type="stmt"/>
        <line num="57" count="4" type="cond" truecount="1" falsecount="0"/>
        <line num="59" count="2" type="stmt"/>
        <line num="60" count="2" type="stmt"/>
        <line num="63" count="3" type="cond" truecount="1" falsecount="0"/>
        <line num="64" count="3" type="stmt"/>
        <line num="65" count="3" type="stmt"/>
        <line num="66" count="3" type="stmt"/>
        <line num="67" count="3" type="cond" truecount="1" falsecount="0"/>
        <line num="68" count="1" type="stmt"/>
        <line num="69" count="1" type="cond" truecount="1" falsecount="0"/>
        <line num="71" count="3" type="cond" truecount="1" falsecount="0"/>
        <line num="72" count="1" type="stmt"/>
        <line num="73" count="1" type="stmt"/>
        <line num="75" count="1" type="stmt"/>
        <line num="76" count="1" type="stmt"/>
        <line num="77" count="1" type="stmt"/>
        <line num="79" count="1" type="stmt"/>
        <line num="80" count="1" type="stmt"/>
      </file>
    </package>
    <package name="app.api.trips.[id].days.[dayId].activities">
      <metrics statements="86" coveredstatements="86" conditionals="30" coveredconditionals="30" methods="3" coveredmethods="3"/>
      <file name="route.ts" path="/Users/nhn/git-project/idean3885/trip-planner/src/app/api/trips/[id]/days/[dayId]/activities/route.ts">
        <metrics statements="86" coveredstatements="86" conditionals="30" coveredconditionals="30" methods="3" coveredmethods="3"/>
        <line num="1" count="1" type="stmt"/>
        <line num="2" count="1" type="stmt"/>
        <line num="3" count="1" type="stmt"/>
        <line num="7" count="3" type="cond" truecount="1" falsecount="0"/>
        <line num="8" count="3" type="stmt"/>
        <line num="9" count="3" type="stmt"/>
        <line num="10" count="3" type="stmt"/>
        <line num="11" count="3" type="stmt"/>
        <line num="12" count="3" type="cond" truecount="1" falsecount="0"/>
        <line num="13" count="1" type="stmt"/>
        <line num="14" count="1" type="cond" truecount="1" falsecount="0"/>
        <line num="16" count="2" type="stmt"/>
        <line num="17" count="3" type="cond" truecount="1" falsecount="0"/>
        <line num="18" count="1" type="stmt"/>
        <line num="19" count="1" type="stmt"/>
        <line num="21" count="1" type="stmt"/>
        <line num="22" count="1" type="stmt"/>
        <line num="23" count="1" type="stmt"/>
        <line num="24" count="1" type="stmt"/>
        <line num="26" count="1" type="stmt"/>
        <line num="27" count="1" type="stmt"/>
        <line num="29" count="5" type="cond" truecount="1" falsecount="0"/>
        <line num="30" count="5" type="stmt"/>
        <line num="31" count="5" type="stmt"/>
        <line num="32" count="5" type="stmt"/>
        <line num="33" count="5" type="stmt"/>
        <line num="34" count="5" type="cond" truecount="1" falsecount="0"/>
        <line num="35" count="1" type="stmt"/>
        <line num="36" count="1" type="cond" truecount="1" falsecount="0"/>
        <line num="38" count="5" type="cond" truecount="1" falsecount="0"/>
        <line num="39" count="1" type="stmt"/>
        <line num="40" count="1" type="cond" truecount="1" falsecount="0"/>
        <line num="42" count="3" type="stmt"/>
        <line num="43" count="3" type="stmt"/>
        <line num="44" count="3" type="stmt"/>
        <line num="45" count="5" type="cond" truecount="1" falsecount="0"/>
        <line num="46" count="1" type="stmt"/>
        <line num="47" count="1" type="cond" truecount="1" falsecount="0"/>
        <line num="49" count="2" type="stmt"/>
        <line num="50" count="2" type="stmt"/>
        <line num="52" count="5" type="cond" truecount="2" falsecount="0"/>
        <line num="53" count="1" type="stmt"/>
        <line num="54" count="1" type="stmt"/>
        <line num="56" count="1" type="stmt"/>
        <line num="57" count="1" type="stmt"/>
        <line num="58" count="1" type="stmt"/>
        <line num="59" count="1" type="stmt"/>
        <line num="60" count="1" type="stmt"/>
        <line num="61" count="1" type="stmt"/>
        <line num="62" count="5" type="cond" truecount="1" falsecount="0"/>
        <line num="63" count="5" type="cond" truecount="1" falsecount="0"/>
        <line num="64" count="5" type="cond" truecount="1" falsecount="0"/>
        <line num="65" count="5" type="cond" truecount="1" falsecount="0"/>
        <line num="66" count="5" type="cond" truecount="1" falsecount="0"/>
        <line num="67" count="5" type="cond" truecount="1" falsecount="0"/>
        <line num="68" count="5" type="cond" truecount="1" falsecount="0"/>
        <line num="69" count="5" type="stmt"/>
        <line num="70" count="5" type="cond" truecount="1" falsecount="0"/>
        <line num="72" count="1" type="stmt"/>
        <line num="73" count="1" type="stmt"/>
        <line num="75" count="5" type="cond" truecount="1" falsecount="0"/>
        <line num="76" count="5" type="stmt"/>
        <line num="77" count="5" type="stmt"/>
        <line num="78" count="5" type="stmt"/>
        <line num="79" count="5" type="stmt"/>
        <line num="80" count="5" type="cond" truecount="1" falsecount="0"/>
        <line num="81" count="1" type="stmt"/>
        <line num="82" count="1" type="cond" truecount="1" falsecount="0"/>
        <line num="84" count="5" type="cond" truecount="1" falsecount="0"/>
        <line num="85" count="1" type="stmt"/>
        <line num="86" count="1" type="cond" truecount="1" falsecount="0"/>
        <line num="88" count="3" type="stmt"/>
        <line num="89" count="3" type="stmt"/>
        <line num="91" count="5" type="cond" truecount="2" falsecount="0"/>
        <line num="92" count="2" type="stmt"/>
        <line num="93" count="2" type="cond" truecount="1" falsecount="0"/>
        <line num="95" count="1" type="stmt"/>
        <line num="96" count="1" type="cond" truecount="1" falsecount="0"/>
        <line num="97" count="3" type="stmt"/>
        <line num="98" count="3" type="stmt"/>
        <line num="99" count="3" type="stmt"/>
        <line num="100" count="3" type="stmt"/>
        <line num="101" count="1" type="stmt"/>
        <line num="102" count="1" type="stmt"/>
        <line num="104" count="1" type="stmt"/>
        <line num="105" count="1" type="stmt"/>
      </file>
    </package>
    <package name="app.api.trips.[id].days.[dayId].activities.[activityId]">
      <metrics statements="49" coveredstatements="49" conditionals="18" coveredconditionals="18" methods="2" coveredmethods="2"/>
      <file name="route.ts" path="/Users/nhn/git-project/idean3885/trip-planner/src/app/api/trips/[id]/days/[dayId]/activities/[activityId]/route.ts">
        <metrics statements="49" coveredstatements="49" conditionals="18" coveredconditionals="18" methods="2" coveredmethods="2"/>
        <line num="1" count="1" type="stmt"/>
        <line num="2" count="1" type="stmt"/>
        <line num="3" count="1" type="stmt"/>
        <line num="7" count="3" type="cond" truecount="1" falsecount="0"/>
        <line num="8" count="3" type="stmt"/>
        <line num="9" count="3" type="stmt"/>
        <line num="10" count="3" type="stmt"/>
        <line num="11" count="3" type="stmt"/>
        <line num="12" count="3" type="cond" truecount="1" falsecount="0"/>
        <line num="13" count="1" type="stmt"/>
        <line num="14" count="1" type="cond" truecount="1" falsecount="0"/>
        <line num="16" count="3" type="cond" truecount="1" falsecount="0"/>
        <line num="17" count="1" type="stmt"/>
        <line num="18" count="1" type="stmt"/>
        <line num="20" count="1" type="stmt"/>
        <line num="21" count="1" type="stmt"/>
        <line num="23" count="1" type="stmt"/>
        <line num="24" count="1" type="stmt"/>
        <line num="25" count="1" type="stmt"/>
        <line num="26" count="1" type="stmt"/>
        <line num="27" count="3" type="cond" truecount="1" falsecount="0"/>
        <line num="28" count="3" type="cond" truecount="1" falsecount="0"/>
        <line num="29" count="3" type="cond" truecount="1" falsecount="0"/>
        <line num="30" count="3" type="cond" truecount="1" falsecount="0"/>
        <line num="31" count="3" type="cond" truecount="1" falsecount="0"/>
        <line num="32" count="3" type="cond" truecount="1" falsecount="0"/>
        <line num="33" count="3" type="cond" truecount="1" falsecount="0"/>
        <line num="34" count="3" type="cond" truecount="1" falsecount="0"/>
        <line num="35" count="3" type="cond" truecount="1" falsecount="0"/>
        <line num="36" count="3" type="stmt"/>
        <line num="37" count="3" type="cond" truecount="1" falsecount="0"/>
        <line num="39" count="1" type="stmt"/>
        <line num="40" count="1" type="stmt"/>
        <line num="42" count="3" type="cond" truecount="1" falsecount="0"/>
        <line num="43" count="3" type="stmt"/>
        <line num="44" count="3" type="stmt"/>
        <line num="45" count="3" type="stmt"/>
        <line num="46" count="3" type="stmt"/>
        <line num="47" count="3" type="cond" truecount="1" falsecount="0"/>
        <line num="48" count="1" type="stmt"/>
        <line num="49" count="1" type="cond" truecount="1" falsecount="0"/>
        <line num="51" count="3" type="cond" truecount="1" falsecount="0"/>
        <line num="52" count="1" type="stmt"/>
        <line num="53" count="1" type="stmt"/>
        <line num="55" count="1" type="stmt"/>
        <line num="56" count="1" type="stmt"/>
        <line num="57" count="1" type="stmt"/>
        <line num="59" count="1" type="stmt"/>
        <line num="60" count="1" type="stmt"/>
      </file>
    </package>
    <package name="components">
      <metrics statements="458" coveredstatements="458" conditionals="127" coveredconditionals="121" methods="28" coveredmethods="28"/>
      <file name="ActivityCard.tsx" path="/Users/nhn/git-project/idean3885/trip-planner/src/components/ActivityCard.tsx">
        <metrics statements="124" coveredstatements="124" conditionals="18" coveredconditionals="18" methods="2" coveredmethods="2"/>
        <line num="3" count="1" type="stmt"/>
        <line num="5" count="4" type="cond" truecount="1" falsecount="0"/>
        <line num="6" count="4" type="stmt"/>
        <line num="7" count="4" type="stmt"/>
        <line num="8" count="4" type="stmt"/>
        <line num="9" count="4" type="cond" truecount="1" falsecount="0"/>
        <line num="10" count="6" type="cond" truecount="1" falsecount="0"/>
        <line num="11" count="1" type="stmt"/>
        <line num="12" count="1" type="stmt"/>
        <line num="13" count="1" type="stmt"/>
        <line num="14" count="1" type="stmt"/>
        <line num="15" count="1" type="stmt"/>
        <line num="16" count="1" type="stmt"/>
        <line num="18" count="1" type="stmt"/>
        <line num="19" count="1" type="cond" truecount="1" falsecount="0"/>
        <line num="21" count="5" type="stmt"/>
        <line num="23" count="4" type="stmt"/>
        <line num="24" count="4" type="stmt"/>
        <line num="26" count="4" type="stmt"/>
        <line num="28" count="1" type="stmt"/>
        <line num="29" count="1" type="stmt"/>
        <line num="30" count="1" type="stmt"/>
        <line num="31" count="1" type="stmt"/>
        <line num="32" count="1" type="stmt"/>
        <line num="33" count="1" type="stmt"/>
        <line num="34" count="1" type="stmt"/>
        <line num="35" count="1" type="stmt"/>
        <line num="37" count="1" type="stmt"/>
        <line num="38" count="1" type="stmt"/>
        <line num="39" count="1" type="stmt"/>
        <line num="40" count="1" type="stmt"/>
        <line num="41" count="1" type="stmt"/>
        <line num="42" count="1" type="stmt"/>
        <line num="43" count="1" type="stmt"/>
        <line num="44" count="1" type="stmt"/>
        <line num="46" count="1" type="stmt"/>
        <line num="47" count="1" type="stmt"/>
        <line num="48" count="1" type="stmt"/>
        <line num="49" count="1" type="stmt"/>
        <line num="50" count="1" type="stmt"/>
        <line num="51" count="1" type="stmt"/>
        <line num="75" count="48" type="cond" truecount="1" falsecount="0"/>
        <line num="76" count="48" type="stmt"/>
        <line num="77" count="48" type="stmt"/>
        <line num="78" count="48" type="stmt"/>
        <line num="79" count="48" type="stmt"/>
        <line num="80" count="48" type="stmt"/>
        <line num="81" count="48" type="stmt"/>
        <line num="82" count="48" type="stmt"/>
        <line num="83" count="48" type="stmt"/>
        <line num="84" count="48" type="stmt"/>
        <line num="85" count="48" type="stmt"/>
        <line num="86" count="48" type="cond" truecount="2" falsecount="0"/>
        <line num="87" count="44" type="cond" truecount="1" falsecount="0"/>
        <line num="88" count="4" type="cond" truecount="1" falsecount="0"/>
        <line num="90" count="48" type="cond" truecount="2" falsecount="0"/>
        <line num="92" count="48" type="stmt"/>
        <line num="93" count="48" type="stmt"/>
        <line num="94" count="48" type="stmt"/>
        <line num="95" count="48" type="stmt"/>
        <line num="96" count="48" type="stmt"/>
        <line num="97" count="48" type="stmt"/>
        <line num="98" count="48" type="stmt"/>
        <line num="100" count="48" type="stmt"/>
        <line num="101" count="48" type="stmt"/>
        <line num="102" count="48" type="cond" truecount="1" falsecount="0"/>
        <line num="103" count="45" type="stmt"/>
        <line num="105" count="48" type="stmt"/>
        <line num="106" count="48" type="stmt"/>
        <line num="107" count="48" type="stmt"/>
        <line num="108" count="48" type="stmt"/>
        <line num="109" count="48" type="cond" truecount="1" falsecount="0"/>
        <line num="110" count="46" type="stmt"/>
        <line num="111" count="46" type="stmt"/>
        <line num="112" count="46" type="stmt"/>
        <line num="114" count="48" type="cond" truecount="1" falsecount="0"/>
        <line num="115" count="4" type="stmt"/>
        <line num="116" count="4" type="stmt"/>
        <line num="117" count="4" type="stmt"/>
        <line num="119" count="48" type="stmt"/>
        <line num="120" count="48" type="stmt"/>
        <line num="121" count="48" type="cond" truecount="2" falsecount="0"/>
        <line num="122" count="4" type="stmt"/>
        <line num="123" count="4" type="stmt"/>
        <line num="124" count="4" type="stmt"/>
        <line num="126" count="48" type="cond" truecount="1" falsecount="0"/>
        <line num="127" count="3" type="stmt"/>
        <line num="128" count="3" type="stmt"/>
        <line num="129" count="3" type="stmt"/>
        <line num="131" count="48" type="stmt"/>
        <line num="132" count="48" type="stmt"/>
        <line num="134" count="48" type="cond" truecount="1" falsecount="0"/>
        <line num="135" count="32" type="stmt"/>
        <line num="136" count="32" type="stmt"/>
        <line num="137" count="32" type="stmt"/>
        <line num="138" count="32" type="stmt"/>
        <line num="139" count="32" type="stmt"/>
        <line num="140" count="32" type="stmt"/>
        <line num="141" count="32" type="stmt"/>
        <line num="142" count="32" type="stmt"/>
        <line num="144" count="32" type="stmt"/>
        <line num="145" count="32" type="stmt"/>
        <line num="146" count="32" type="stmt"/>
        <line num="147" count="32" type="stmt"/>
        <line num="148" count="32" type="stmt"/>
        <line num="149" count="32" type="stmt"/>
        <line num="150" count="32" type="stmt"/>
        <line num="152" count="32" type="stmt"/>
        <line num="153" count="32" type="stmt"/>
        <line num="154" count="32" type="stmt"/>
        <line num="155" count="32" type="stmt"/>
        <line num="156" count="32" type="stmt"/>
        <line num="157" count="32" type="stmt"/>
        <line num="158" count="32" type="stmt"/>
        <line num="160" count="32" type="stmt"/>
        <line num="161" count="32" type="stmt"/>
        <line num="162" count="32" type="stmt"/>
        <line num="163" count="32" type="stmt"/>
        <line num="164" count="32" type="stmt"/>
        <line num="166" count="32" type="stmt"/>
        <line num="167" count="32" type="stmt"/>
        <line num="168" count="32" type="stmt"/>
        <line num="170" count="48" type="stmt"/>
        <line num="172" count="48" type="stmt"/>
      </file>
      <file name="ActivityForm.tsx" path="/Users/nhn/git-project/idean3885/trip-planner/src/components/ActivityForm.tsx">
        <metrics statements="202" coveredstatements="202" conditionals="55" coveredconditionals="53" methods="13" coveredmethods="13"/>
        <line num="3" count="1" type="stmt"/>
        <line num="6" count="1" type="stmt"/>
        <line num="7" count="1" type="stmt"/>
        <line num="8" count="1" type="stmt"/>
        <line num="9" count="1" type="stmt"/>
        <line num="10" count="1" type="stmt"/>
        <line num="11" count="1" type="stmt"/>
        <line num="12" count="1" type="stmt"/>
        <line num="13" count="1" type="stmt"/>
        <line num="15" count="1" type="stmt"/>
        <line num="16" count="1" type="stmt"/>
        <line num="17" count="1" type="stmt"/>
        <line num="18" count="1" type="stmt"/>
        <line num="19" count="1" type="stmt"/>
        <line num="20" count="1" type="stmt"/>
        <line num="21" count="1" type="stmt"/>
        <line num="42" count="21" type="cond" truecount="1" falsecount="0"/>
        <line num="43" count="21" type="stmt"/>
        <line num="44" count="21" type="stmt"/>
        <line num="45" count="21" type="cond" truecount="2" falsecount="0"/>
        <line num="46" count="21" type="cond" truecount="1" falsecount="0"/>
        <line num="47" count="21" type="stmt"/>
        <line num="48" count="21" type="stmt"/>
        <line num="49" count="21" type="stmt"/>
        <line num="50" count="21" type="stmt"/>
        <line num="51" count="21" type="stmt"/>
        <line num="52" count="21" type="stmt"/>
        <line num="54" count="102" type="cond" truecount="1" falsecount="0"/>
        <line num="55" count="102" type="stmt"/>
        <line num="56" count="102" type="stmt"/>
        <line num="57" count="102" type="stmt"/>
        <line num="58" count="102" type="stmt"/>
        <line num="59" count="102" type="stmt"/>
        <line num="60" count="102" type="stmt"/>
        <line num="61" count="102" type="cond" truecount="2" falsecount="0"/>
        <line num="62" count="102" type="cond" truecount="2" falsecount="0"/>
        <line num="63" count="102" type="cond" truecount="2" falsecount="0"/>
        <line num="64" count="102" type="cond" truecount="2" falsecount="0"/>
        <line num="65" count="102" type="cond" truecount="2" falsecount="0"/>
        <line num="66" count="102" type="cond" truecount="2" falsecount="0"/>
        <line num="67" count="102" type="cond" truecount="2" falsecount="0"/>
        <line num="68" count="102" type="cond" truecount="2" falsecount="0"/>
        <line num="69" count="102" type="cond" truecount="2" falsecount="0"/>
        <line num="70" count="102" type="stmt"/>
        <line num="71" count="102" type="stmt"/>
        <line num="72" count="102" type="stmt"/>
        <line num="74" count="102" type="cond" truecount="1" falsecount="0"/>
        <line num="75" count="33" type="stmt"/>
        <line num="76" count="33" type="cond" truecount="0" falsecount="1"/>
        <line num="77" count="33" type="stmt"/>
        <line num="78" count="33" type="stmt"/>
        <line num="79" count="33" type="stmt"/>
        <line num="80" count="33" type="stmt"/>
        <line num="81" count="33" type="stmt"/>
        <line num="82" count="33" type="stmt"/>
        <line num="83" count="33" type="cond" truecount="0" falsecount="1"/>
        <line num="85" count="33" type="cond" truecount="4" falsecount="0"/>
        <line num="86" count="21" type="stmt"/>
        <line num="87" count="21" type="cond" truecount="1" falsecount="0"/>
        <line num="88" count="21" type="stmt"/>
        <line num="89" count="102" type="stmt"/>
        <line num="91" count="102" type="cond" truecount="1" falsecount="0"/>
        <line num="92" count="24" type="cond" truecount="1" falsecount="0"/>
        <line num="93" count="24" type="stmt"/>
        <line num="95" count="102" type="cond" truecount="1" falsecount="0"/>
        <line num="96" count="10" type="stmt"/>
        <line num="97" count="10" type="cond" truecount="2" falsecount="0"/>
        <line num="98" count="8" type="stmt"/>
        <line num="99" count="8" type="stmt"/>
        <line num="100" count="8" type="cond" truecount="1" falsecount="0"/>
        <line num="101" count="8" type="stmt"/>
        <line num="102" count="8" type="stmt"/>
        <line num="103" count="8" type="stmt"/>
        <line num="104" count="10" type="stmt"/>
        <line num="106" count="102" type="stmt"/>
        <line num="107" count="102" type="stmt"/>
        <line num="108" count="102" type="stmt"/>
        <line num="109" count="102" type="stmt"/>
        <line num="111" count="102" type="stmt"/>
        <line num="112" count="102" type="stmt"/>
        <line num="113" count="102" type="stmt"/>
        <line num="114" count="102" type="stmt"/>
        <line num="115" count="102" type="stmt"/>
        <line num="116" count="102" type="stmt"/>
        <line num="117" count="102" type="stmt"/>
        <line num="118" count="102" type="cond" truecount="1" falsecount="0"/>
        <line num="119" count="102" type="stmt"/>
        <line num="121" count="102" type="cond" truecount="1" falsecount="0"/>
        <line num="122" count="612" type="stmt"/>
        <line num="123" count="612" type="stmt"/>
        <line num="124" count="612" type="stmt"/>
        <line num="125" count="102" type="stmt"/>
        <line num="126" count="102" type="stmt"/>
        <line num="127" count="102" type="stmt"/>
        <line num="128" count="102" type="stmt"/>
        <line num="129" count="102" type="stmt"/>
        <line num="130" count="102" type="stmt"/>
        <line num="131" count="102" type="stmt"/>
        <line num="132" count="102" type="stmt"/>
        <line num="133" count="102" type="stmt"/>
        <line num="134" count="102" type="stmt"/>
        <line num="135" count="102" type="cond" truecount="1" falsecount="0"/>
        <line num="136" count="102" type="stmt"/>
        <line num="137" count="102" type="stmt"/>
        <line num="138" count="102" type="stmt"/>
        <line num="139" count="102" type="stmt"/>
        <line num="140" count="102" type="stmt"/>
        <line num="142" count="102" type="stmt"/>
        <line num="143" count="102" type="stmt"/>
        <line num="144" count="102" type="stmt"/>
        <line num="145" count="102" type="stmt"/>
        <line num="146" count="102" type="cond" truecount="1" falsecount="0"/>
        <line num="147" count="102" type="stmt"/>
        <line num="148" count="102" type="stmt"/>
        <line num="149" count="102" type="stmt"/>
        <line num="150" count="102" type="stmt"/>
        <line num="151" count="102" type="cond" truecount="1" falsecount="0"/>
        <line num="152" count="102" type="stmt"/>
        <line num="153" count="102" type="stmt"/>
        <line num="154" count="102" type="stmt"/>
        <line num="155" count="102" type="stmt"/>
        <line num="156" count="102" type="stmt"/>
        <line num="157" count="102" type="stmt"/>
        <line num="158" count="102" type="stmt"/>
        <line num="159" count="102" type="cond" truecount="1" falsecount="0"/>
        <line num="160" count="102" type="stmt"/>
        <line num="161" count="102" type="stmt"/>
        <line num="162" count="102" type="stmt"/>
        <line num="163" count="102" type="stmt"/>
        <line num="164" count="102" type="cond" truecount="1" falsecount="0"/>
        <line num="165" count="102" type="stmt"/>
        <line num="166" count="102" type="stmt"/>
        <line num="167" count="102" type="stmt"/>
        <line num="168" count="102" type="stmt"/>
        <line num="169" count="102" type="stmt"/>
        <line num="171" count="102" type="stmt"/>
        <line num="172" count="102" type="stmt"/>
        <line num="173" count="102" type="stmt"/>
        <line num="174" count="102" type="stmt"/>
        <line num="175" count="102" type="cond" truecount="1" falsecount="0"/>
        <line num="176" count="102" type="stmt"/>
        <line num="177" count="102" type="stmt"/>
        <line num="179" count="102" type="stmt"/>
        <line num="180" count="102" type="stmt"/>
        <line num="181" count="102" type="stmt"/>
        <line num="182" count="102" type="cond" truecount="1" falsecount="0"/>
        <line num="183" count="102" type="stmt"/>
        <line num="184" count="102" type="stmt"/>
        <line num="185" count="102" type="stmt"/>
        <line num="187" count="102" type="stmt"/>
        <line num="188" count="102" type="stmt"/>
        <line num="189" count="102" type="stmt"/>
        <line num="190" count="102" type="stmt"/>
        <line num="191" count="102" type="stmt"/>
        <line num="192" count="102" type="stmt"/>
        <line num="193" count="102" type="stmt"/>
        <line num="194" count="102" type="stmt"/>
        <line num="195" count="102" type="stmt"/>
        <line num="196" count="102" type="cond" truecount="1" falsecount="0"/>
        <line num="197" count="102" type="stmt"/>
        <line num="198" count="102" type="stmt"/>
        <line num="199" count="102" type="stmt"/>
        <line num="200" count="102" type="stmt"/>
        <line num="201" count="102" type="stmt"/>
        <line num="202" count="102" type="stmt"/>
        <line num="203" count="102" type="stmt"/>
        <line num="204" count="102" type="stmt"/>
        <line num="205" count="102" type="stmt"/>
        <line num="206" count="102" type="cond" truecount="1" falsecount="0"/>
        <line num="207" count="102" type="stmt"/>
        <line num="208" count="102" type="stmt"/>
        <line num="209" count="102" type="stmt"/>
        <line num="210" count="102" type="stmt"/>
        <line num="211" count="102" type="stmt"/>
        <line num="212" count="102" type="stmt"/>
        <line num="213" count="102" type="stmt"/>
        <line num="214" count="102" type="cond" truecount="1" falsecount="0"/>
        <line num="215" count="102" type="stmt"/>
        <line num="217" count="102" type="cond" truecount="1" falsecount="0"/>
        <line num="218" count="510" type="stmt"/>
        <line num="219" count="510" type="stmt"/>
        <line num="220" count="510" type="stmt"/>
        <line num="221" count="102" type="stmt"/>
        <line num="222" count="102" type="stmt"/>
        <line num="223" count="102" type="stmt"/>
        <line num="224" count="102" type="stmt"/>
        <line num="226" count="102" type="stmt"/>
        <line num="227" count="102" type="stmt"/>
        <line num="228" count="102" type="stmt"/>
        <line num="229" count="102" type="stmt"/>
        <line num="230" count="102" type="stmt"/>
        <line num="231" count="102" type="stmt"/>
        <line num="233" count="102" type="stmt"/>
        <line num="234" count="102" type="stmt"/>
        <line num="235" count="102" type="stmt"/>
        <line num="236" count="102" type="cond" truecount="1" falsecount="0"/>
        <line num="237" count="102" type="stmt"/>
        <line num="239" count="102" type="cond" truecount="4" falsecount="0"/>
        <line num="240" count="102" type="stmt"/>
        <line num="241" count="102" type="stmt"/>
        <line num="242" count="102" type="stmt"/>
        <line num="244" count="102" type="stmt"/>
      </file>
      <file name="ActivityList.tsx" path="/Users/nhn/git-project/idean3885/trip-planner/src/components/ActivityList.tsx">
        <metrics statements="132" coveredstatements="132" conditionals="54" coveredconditionals="50" methods="13" coveredmethods="13"/>
        <line num="3" count="1" type="stmt"/>
        <line num="4" count="1" type="stmt"/>
        <line num="6" count="1" type="stmt"/>
        <line num="7" count="1" type="stmt"/>
        <line num="30" count="44" type="cond" truecount="1" falsecount="0"/>
        <line num="31" count="44" type="stmt"/>
        <line num="32" count="44" type="stmt"/>
        <line num="33" count="44" type="stmt"/>
        <line num="34" count="44" type="stmt"/>
        <line num="35" count="44" type="stmt"/>
        <line num="36" count="44" type="stmt"/>
        <line num="37" count="44" type="stmt"/>
        <line num="38" count="44" type="stmt"/>
        <line num="39" count="44" type="stmt"/>
        <line num="41" count="44" type="stmt"/>
        <line num="43" count="44" type="cond" truecount="1" falsecount="0"/>
        <line num="44" count="3" type="stmt"/>
        <line num="45" count="3" type="stmt"/>
        <line num="46" count="3" type="stmt"/>
        <line num="47" count="3" type="stmt"/>
        <line num="48" count="3" type="stmt"/>
        <line num="49" count="3" type="stmt"/>
        <line num="50" count="3" type="cond" truecount="1" falsecount="0"/>
        <line num="51" count="3" type="cond" truecount="1" falsecount="0"/>
        <line num="52" count="3" type="cond" truecount="1" falsecount="0"/>
        <line num="53" count="3" type="stmt"/>
        <line num="54" count="3" type="cond" truecount="1" falsecount="0"/>
        <line num="56" count="3" type="stmt"/>
        <line num="57" count="3" type="stmt"/>
        <line num="58" count="3" type="stmt"/>
        <line num="59" count="3" type="stmt"/>
        <line num="60" count="3" type="stmt"/>
        <line num="61" count="3" type="cond" truecount="2" falsecount="0"/>
        <line num="63" count="2" type="stmt"/>
        <line num="64" count="2" type="cond" truecount="1" falsecount="0"/>
        <line num="65" count="2" type="stmt"/>
        <line num="66" count="3" type="stmt"/>
        <line num="68" count="44" type="cond" truecount="1" falsecount="0"/>
        <line num="69" count="3" type="stmt"/>
        <line num="70" count="3" type="stmt"/>
        <line num="71" count="3" type="stmt"/>
        <line num="72" count="3" type="cond" truecount="1" falsecount="0"/>
        <line num="73" count="3" type="cond" truecount="1" falsecount="0"/>
        <line num="74" count="3" type="cond" truecount="1" falsecount="0"/>
        <line num="75" count="3" type="stmt"/>
        <line num="76" count="3" type="cond" truecount="0" falsecount="1"/>
        <line num="77" count="3" type="stmt"/>
        <line num="78" count="3" type="stmt"/>
        <line num="79" count="3" type="stmt"/>
        <line num="81" count="3" type="stmt"/>
        <line num="82" count="3" type="stmt"/>
        <line num="83" count="3" type="stmt"/>
        <line num="84" count="3" type="stmt"/>
        <line num="85" count="3" type="stmt"/>
        <line num="86" count="3" type="cond" truecount="2" falsecount="0"/>
        <line num="88" count="2" type="stmt"/>
        <line num="89" count="2" type="cond" truecount="1" falsecount="0"/>
        <line num="90" count="2" type="cond" truecount="1" falsecount="1"/>
        <line num="91" count="2" type="stmt"/>
        <line num="92" count="2" type="stmt"/>
        <line num="93" count="3" type="stmt"/>
        <line num="95" count="44" type="cond" truecount="1" falsecount="0"/>
        <line num="96" count="3" type="cond" truecount="2" falsecount="0"/>
        <line num="98" count="2" type="stmt"/>
        <line num="99" count="3" type="cond" truecount="1" falsecount="0"/>
        <line num="101" count="1" type="cond" truecount="2" falsecount="0"/>
        <line num="102" count="3" type="stmt"/>
        <line num="104" count="44" type="cond" truecount="1" falsecount="0"/>
        <line num="105" count="2" type="cond" truecount="1" falsecount="0"/>
        <line num="106" count="2" type="cond" truecount="0" falsecount="1"/>
        <line num="107" count="2" type="cond" truecount="2" falsecount="0"/>
        <line num="108" count="2" type="cond" truecount="0" falsecount="1"/>
        <line num="110" count="2" type="stmt"/>
        <line num="111" count="2" type="stmt"/>
        <line num="112" count="2" type="stmt"/>
        <line num="114" count="2" type="cond" truecount="1" falsecount="0"/>
        <line num="115" count="2" type="stmt"/>
        <line num="116" count="2" type="stmt"/>
        <line num="117" count="2" type="stmt"/>
        <line num="118" count="2" type="stmt"/>
        <line num="119" count="2" type="stmt"/>
        <line num="120" count="2" type="stmt"/>
        <line num="122" count="44" type="stmt"/>
        <line num="123" count="44" type="stmt"/>
        <line num="124" count="44" type="cond" truecount="1" falsecount="0"/>
        <line num="125" count="29" type="stmt"/>
        <line num="126" count="29" type="stmt"/>
        <line num="127" count="29" type="stmt"/>
        <line num="130" count="44" type="cond" truecount="1" falsecount="0"/>
        <line num="131" count="36" type="cond" truecount="1" falsecount="0"/>
        <line num="132" count="7" type="stmt"/>
        <line num="133" count="7" type="stmt"/>
        <line num="134" count="7" type="stmt"/>
        <line num="135" count="7" type="stmt"/>
        <line num="136" count="7" type="stmt"/>
        <line num="137" count="7" type="stmt"/>
        <line num="138" count="7" type="cond" truecount="1" falsecount="0"/>
        <line num="139" count="7" type="cond" truecount="1" falsecount="0"/>
        <line num="140" count="7" type="cond" truecount="1" falsecount="0"/>
        <line num="141" count="7" type="cond" truecount="1" falsecount="0"/>
        <line num="142" count="7" type="cond" truecount="2" falsecount="0"/>
        <line num="143" count="7" type="stmt"/>
        <line num="144" count="7" type="cond" truecount="1" falsecount="0"/>
        <line num="145" count="7" type="stmt"/>
        <line num="146" count="7" type="cond" truecount="1" falsecount="0"/>
        <line num="147" count="7" type="cond" truecount="1" falsecount="0"/>
        <line num="148" count="7" type="cond" truecount="1" falsecount="0"/>
        <line num="150" count="29" type="stmt"/>
        <line num="151" count="29" type="stmt"/>
        <line num="152" count="29" type="stmt"/>
        <line num="153" count="29" type="stmt"/>
        <line num="154" count="29" type="stmt"/>
        <line num="155" count="29" type="stmt"/>
        <line num="156" count="29" type="cond" truecount="1" falsecount="0"/>
        <line num="157" count="29" type="cond" truecount="1" falsecount="0"/>
        <line num="158" count="29" type="cond" truecount="1" falsecount="0"/>
        <line num="159" count="29" type="cond" truecount="1" falsecount="0"/>
        <line num="160" count="29" type="stmt"/>
        <line num="162" count="44" type="stmt"/>
        <line num="164" count="44" type="cond" truecount="1" falsecount="0"/>
        <line num="165" count="5" type="stmt"/>
        <line num="166" count="5" type="stmt"/>
        <line num="167" count="5" type="cond" truecount="1" falsecount="0"/>
        <line num="168" count="5" type="cond" truecount="1" falsecount="0"/>
        <line num="170" count="39" type="cond" truecount="1" falsecount="0"/>
        <line num="171" count="37" type="stmt"/>
        <line num="172" count="37" type="cond" truecount="1" falsecount="0"/>
        <line num="173" count="37" type="stmt"/>
        <line num="174" count="37" type="stmt"/>
        <line num="176" count="37" type="stmt"/>
        <line num="179" count="44" type="stmt"/>
        <line num="181" count="44" type="stmt"/>
      </file>
    </package>
  </project>
</coverage>
