{"/Users/nhn/git-project/idean3885/trip-planner/src/app/api/trips/[id]/days/[dayId]/route.ts": {"path":"/Users/nhn/git-project/idean3885/trip-planner/src/app/api/trips/[id]/days/[dayId]/route.ts","all":false,"statementMap":{"0":{"start":{"line":1,"column":0},"end":{"line":1,"column":43}},"1":{"start":{"line":2,"column":0},"end":{"line":2,"column":38}},"2":{"start":{"line":3,"column":0},"end":{"line":3,"column":75}},"6":{"start":{"line":7,"column":0},"end":{"line":7,"column":65}},"7":{"start":{"line":8,"column":0},"end":{"line":8,"column":37}},"8":{"start":{"line":9,"column":0},"end":{"line":9,"column":30}},"9":{"start":{"line":10,"column":0},"end":{"line":10,"column":39}},"10":{"start":{"line":11,"column":0},"end":{"line":11,"column":16}},"11":{"start":{"line":12,"column":0},"end":{"line":12,"column":73}},"12":{"start":{"line":13,"column":0},"end":{"line":13,"column":3}},"14":{"start":{"line":15,"column":0},"end":{"line":15,"column":53}},"15":{"start":{"line":16,"column":0},"end":{"line":16,"column":16}},"16":{"start":{"line":17,"column":0},"end":{"line":17,"column":70}},"17":{"start":{"line":18,"column":0},"end":{"line":18,"column":3}},"19":{"start":{"line":20,"column":0},"end":{"line":20,"column":43}},"20":{"start":{"line":21,"column":0},"end":{"line":21,"column":43}},"21":{"start":{"line":22,"column":0},"end":{"line":22,"column":14}},"22":{"start":{"line":23,"column":0},"end":{"line":23,"column":76}},"23":{"start":{"line":24,"column":0},"end":{"line":24,"column":6}},"24":{"start":{"line":25,"column":0},"end":{"line":25,"column":5}},"25":{"start":{"line":26,"column":0},"end":{"line":26,"column":13}},"26":{"start":{"line":27,"column":0},"end":{"line":27,"column":70}},"27":{"start":{"line":28,"column":0},"end":{"line":28,"column":3}},"29":{"start":{"line":30,"column":0},"end":{"line":30,"column":32}},"30":{"start":{"line":31,"column":0},"end":{"line":31,"column":1}},"33":{"start":{"line":34,"column":0},"end":{"line":34,"column":65}},"34":{"start":{"line":35,"column":0},"end":{"line":35,"column":37}},"35":{"start":{"line":36,"column":0},"end":{"line":36,"column":30}},"36":{"start":{"line":37,"column":0},"end":{"line":37,"column":39}},"37":{"start":{"line":38,"column":0},"end":{"line":38,"column":16}},"38":{"start":{"line":39,"column":0},"end":{"line":39,"column":73}},"39":{"start":{"line":40,"column":0},"end":{"line":40,"column":3}},"41":{"start":{"line":42,"column":0},"end":{"line":42,"column":41}},"42":{"start":{"line":43,"column":0},"end":{"line":43,"column":72}},"43":{"start":{"line":44,"column":0},"end":{"line":44,"column":3}},"45":{"start":{"line":46,"column":0},"end":{"line":46,"column":36}},"46":{"start":{"line":47,"column":0},"end":{"line":47,"column":51}},"48":{"start":{"line":49,"column":0},"end":{"line":49,"column":39}},"49":{"start":{"line":50,"column":0},"end":{"line":50,"column":43}},"50":{"start":{"line":51,"column":0},"end":{"line":51,"column":11}},"51":{"start":{"line":52,"column":0},"end":{"line":52,"column":44}},"52":{"start":{"line":53,"column":0},"end":{"line":53,"column":48}},"53":{"start":{"line":54,"column":0},"end":{"line":54,"column":58}},"54":{"start":{"line":55,"column":0},"end":{"line":55,"column":52}},"55":{"start":{"line":56,"column":0},"end":{"line":56,"column":6}},"56":{"start":{"line":57,"column":0},"end":{"line":57,"column":5}},"58":{"start":{"line":59,"column":0},"end":{"line":59,"column":32}},"59":{"start":{"line":60,"column":0},"end":{"line":60,"column":1}},"62":{"start":{"line":63,"column":0},"end":{"line":63,"column":68}},"63":{"start":{"line":64,"column":0},"end":{"line":64,"column":37}},"64":{"start":{"line":65,"column":0},"end":{"line":65,"column":30}},"65":{"start":{"line":66,"column":0},"end":{"line":66,"column":39}},"66":{"start":{"line":67,"column":0},"end":{"line":67,"column":16}},"67":{"start":{"line":68,"column":0},"end":{"line":68,"column":73}},"68":{"start":{"line":69,"column":0},"end":{"line":69,"column":3}},"70":{"start":{"line":71,"column":0},"end":{"line":71,"column":41}},"71":{"start":{"line":72,"column":0},"end":{"line":72,"column":72}},"72":{"start":{"line":73,"column":0},"end":{"line":73,"column":3}},"74":{"start":{"line":75,"column":0},"end":{"line":75,"column":27}},"75":{"start":{"line":76,"column":0},"end":{"line":76,"column":43}},"76":{"start":{"line":77,"column":0},"end":{"line":77,"column":5}},"78":{"start":{"line":79,"column":0},"end":{"line":79,"column":41}},"79":{"start":{"line":80,"column":0},"end":{"line":80,"column":1}}},"s":{"0":1,"1":1,"2":1,"6":4,"7":4,"8":4,"9":4,"10":4,"11":1,"12":1,"14":3,"15":4,"16":1,"17":1,"19":2,"20":2,"21":2,"22":2,"23":2,"24":2,"25":4,"26":1,"27":1,"29":1,"30":1,"33":4,"34":4,"35":4,"36":4,"37":4,"38":1,"39":1,"41":4,"42":1,"43":1,"45":2,"46":2,"48":2,"49":2,"50":2,"51":2,"52":4,"53":4,"54":4,"55":4,"56":4,"58":2,"59":2,"62":3,"63":3,"64":3,"65":3,"66":3,"67":1,"68":1,"70":3,"71":1,"72":1,"74":1,"75":1,"76":1,"78":1,"79":1},"branchMap":{"0":{"type":"branch","line":7,"loc":{"start":{"line":7,"column":0},"end":{"line":31,"column":1}},"locations":[{"start":{"line":7,"column":0},"end":{"line":31,"column":1}}]},"1":{"type":"branch","line":11,"loc":{"start":{"line":11,"column":15},"end":{"line":13,"column":3}},"locations":[{"start":{"line":11,"column":15},"end":{"line":13,"column":3}}]},"2":{"type":"branch","line":13,"loc":{"start":{"line":13,"column":2},"end":{"line":16,"column":15}},"locations":[{"start":{"line":13,"column":2},"end":{"line":16,"column":15}}]},"3":{"type":"branch","line":16,"loc":{"start":{"line":16,"column":15},"end":{"line":18,"column":3}},"locations":[{"start":{"line":16,"column":15},"end":{"line":18,"column":3}}]},"4":{"type":"branch","line":18,"loc":{"start":{"line":18,"column":2},"end":{"line":26,"column":12}},"locations":[{"start":{"line":18,"column":2},"end":{"line":26,"column":12}}]},"5":{"type":"branch","line":26,"loc":{"start":{"line":26,"column":12},"end":{"line":31,"column":1}},"locations":[{"start":{"line":26,"column":12},"end":{"line":31,"column":1}}]},"6":{"type":"branch","line":34,"loc":{"start":{"line":34,"column":0},"end":{"line":60,"column":1}},"locations":[{"start":{"line":34,"column":0},"end":{"line":60,"column":1}}]},"7":{"type":"branch","line":38,"loc":{"start":{"line":38,"column":15},"end":{"line":40,"column":3}},"locations":[{"start":{"line":38,"column":15},"end":{"line":40,"column":3}}]},"8":{"type":"branch","line":40,"loc":{"start":{"line":40,"column":2},"end":{"line":42,"column":40}},"locations":[{"start":{"line":40,"column":2},"end":{"line":42,"column":40}}]},"9":{"type":"branch","line":42,"loc":{"start":{"line":42,"column":40},"end":{"line":44,"column":3}},"locations":[{"start":{"line":42,"column":40},"end":{"line":44,"column":3}}]},"10":{"type":"branch","line":44,"loc":{"start":{"line":44,"column":2},"end":{"line":52,"column":44}},"locations":[{"start":{"line":44,"column":2},"end":{"line":52,"column":44}}]},"11":{"type":"branch","line":53,"loc":{"start":{"line":53,"column":22},"end":{"line":53,"column":48}},"locations":[{"start":{"line":53,"column":22},"end":{"line":53,"column":48}}]},"12":{"type":"branch","line":54,"loc":{"start":{"line":54,"column":19},"end":{"line":54,"column":58}},"locations":[{"start":{"line":54,"column":19},"end":{"line":54,"column":58}}]},"13":{"type":"branch","line":55,"loc":{"start":{"line":55,"column":24},"end":{"line":55,"column":52}},"locations":[{"start":{"line":55,"column":24},"end":{"line":55,"column":52}}]},"14":{"type":"branch","line":57,"loc":{"start":{"line":57,"column":3},"end":{"line":60,"column":1}},"locations":[{"start":{"line":57,"column":3},"end":{"line":60,"column":1}}]},"15":{"type":"branch","line":63,"loc":{"start":{"line":63,"column":0},"end":{"line":80,"column":1}},"locations":[{"start":{"line":63,"column":0},"end":{"line":80,"column":1}}]},"16":{"type":"branch","line":67,"loc":{"start":{"line":67,"column":15},"end":{"line":69,"column":3}},"locations":[{"start":{"line":67,"column":15},"end":{"line":69,"column":3}}]},"17":{"type":"branch","line":69,"loc":{"start":{"line":69,"column":2},"end":{"line":71,"column":40}},"locations":[{"start":{"line":69,"column":2},"end":{"line":71,"column":40}}]},"18":{"type":"branch","line":71,"loc":{"start":{"line":71,"column":40},"end":{"line":80,"column":1}},"locations":[{"start":{"line":71,"column":40},"end":{"line":80,"column":1}}]}},"b":{"0":[4],"1":[1],"2":[3],"3":[1],"4":[2],"5":[1],"6":[4],"7":[1],"8":[3],"9":[1],"10":[2],"11":[1],"12":[1],"13":[1],"14":[2],"15":[3],"16":[1],"17":[2],"18":[1]},"fnMap":{"0":{"name":"GET","decl":{"start":{"line":7,"column":0},"end":{"line":31,"column":1}},"loc":{"start":{"line":7,"column":0},"end":{"line":31,"column":1}},"line":7},"1":{"name":"PUT","decl":{"start":{"line":34,"column":0},"end":{"line":60,"column":1}},"loc":{"start":{"line":34,"column":0},"end":{"line":60,"column":1}},"line":34},"2":{"name":"DELETE","decl":{"start":{"line":63,"column":0},"end":{"line":80,"column":1}},"loc":{"start":{"line":63,"column":0},"end":{"line":80,"column":1}},"line":63}},"f":{"0":4,"1":4,"2":3}}
,"/Users/nhn/git-project/idean3885/trip-planner/src/app/api/trips/[id]/days/[dayId]/activities/route.ts": {"path":"/Users/nhn/git-project/idean3885/trip-planner/src/app/api/trips/[id]/days/[dayId]/activities/route.ts","all":false,"statementMap":{"0":{"start":{"line":1,"column":0},"end":{"line":1,"column":43}},"1":{"start":{"line":2,"column":0},"end":{"line":2,"column":38}},"2":{"start":{"line":3,"column":0},"end":{"line":3,"column":75}},"6":{"start":{"line":7,"column":0},"end":{"line":7,"column":65}},"7":{"start":{"line":8,"column":0},"end":{"line":8,"column":37}},"8":{"start":{"line":9,"column":0},"end":{"line":9,"column":30}},"9":{"start":{"line":10,"column":0},"end":{"line":10,"column":35}},"10":{"start":{"line":11,"column":0},"end":{"line":11,"column":39}},"11":{"start":{"line":12,"column":0},"end":{"line":12,"column":16}},"12":{"start":{"line":13,"column":0},"end":{"line":13,"column":73}},"13":{"start":{"line":14,"column":0},"end":{"line":14,"column":3}},"15":{"start":{"line":16,"column":0},"end":{"line":16,"column":53}},"16":{"start":{"line":17,"column":0},"end":{"line":17,"column":16}},"17":{"start":{"line":18,"column":0},"end":{"line":18,"column":70}},"18":{"start":{"line":19,"column":0},"end":{"line":19,"column":3}},"20":{"start":{"line":21,"column":0},"end":{"line":21,"column":53}},"21":{"start":{"line":22,"column":0},"end":{"line":22,"column":48}},"22":{"start":{"line":23,"column":0},"end":{"line":23,"column":58}},"23":{"start":{"line":24,"column":0},"end":{"line":24,"column":5}},"25":{"start":{"line":26,"column":0},"end":{"line":26,"column":39}},"26":{"start":{"line":27,"column":0},"end":{"line":27,"column":1}},"28":{"start":{"line":29,"column":0},"end":{"line":29,"column":66}},"29":{"start":{"line":30,"column":0},"end":{"line":30,"column":37}},"30":{"start":{"line":31,"column":0},"end":{"line":31,"column":30}},"31":{"start":{"line":32,"column":0},"end":{"line":32,"column":35}},"32":{"start":{"line":33,"column":0},"end":{"line":33,"column":39}},"33":{"start":{"line":34,"column":0},"end":{"line":34,"column":16}},"34":{"start":{"line":35,"column":0},"end":{"line":35,"column":73}},"35":{"start":{"line":36,"column":0},"end":{"line":36,"column":3}},"37":{"start":{"line":38,"column":0},"end":{"line":38,"column":41}},"38":{"start":{"line":39,"column":0},"end":{"line":39,"column":72}},"39":{"start":{"line":40,"column":0},"end":{"line":40,"column":3}},"41":{"start":{"line":42,"column":0},"end":{"line":42,"column":43}},"42":{"start":{"line":43,"column":0},"end":{"line":43,"column":36}},"43":{"start":{"line":44,"column":0},"end":{"line":44,"column":5}},"44":{"start":{"line":45,"column":0},"end":{"line":45,"column":13}},"45":{"start":{"line":46,"column":0},"end":{"line":46,"column":74}},"46":{"start":{"line":47,"column":0},"end":{"line":47,"column":3}},"48":{"start":{"line":49,"column":0},"end":{"line":49,"column":36}},"49":{"start":{"line":50,"column":0},"end":{"line":50,"column":117}},"51":{"start":{"line":52,"column":0},"end":{"line":52,"column":28}},"52":{"start":{"line":53,"column":0},"end":{"line":53,"column":83}},"53":{"start":{"line":54,"column":0},"end":{"line":54,"column":3}},"55":{"start":{"line":56,"column":0},"end":{"line":56,"column":49}},"56":{"start":{"line":57,"column":0},"end":{"line":57,"column":11}},"57":{"start":{"line":58,"column":0},"end":{"line":58,"column":22}},"58":{"start":{"line":59,"column":0},"end":{"line":59,"column":15}},"59":{"start":{"line":60,"column":0},"end":{"line":60,"column":12}},"60":{"start":{"line":61,"column":0},"end":{"line":61,"column":52}},"61":{"start":{"line":62,"column":0},"end":{"line":62,"column":48}},"62":{"start":{"line":63,"column":0},"end":{"line":63,"column":50}},"63":{"start":{"line":64,"column":0},"end":{"line":64,"column":42}},"64":{"start":{"line":65,"column":0},"end":{"line":65,"column":42}},"65":{"start":{"line":66,"column":0},"end":{"line":66,"column":50}},"66":{"start":{"line":67,"column":0},"end":{"line":67,"column":68}},"67":{"start":{"line":68,"column":0},"end":{"line":68,"column":32}},"68":{"start":{"line":69,"column":0},"end":{"line":69,"column":6}},"69":{"start":{"line":70,"column":0},"end":{"line":70,"column":5}},"71":{"start":{"line":72,"column":0},"end":{"line":72,"column":54}},"72":{"start":{"line":73,"column":0},"end":{"line":73,"column":1}},"74":{"start":{"line":75,"column":0},"end":{"line":75,"column":67}},"75":{"start":{"line":76,"column":0},"end":{"line":76,"column":37}},"76":{"start":{"line":77,"column":0},"end":{"line":77,"column":30}},"77":{"start":{"line":78,"column":0},"end":{"line":78,"column":35}},"78":{"start":{"line":79,"column":0},"end":{"line":79,"column":39}},"79":{"start":{"line":80,"column":0},"end":{"line":80,"column":16}},"80":{"start":{"line":81,"column":0},"end":{"line":81,"column":73}},"81":{"start":{"line":82,"column":0},"end":{"line":82,"column":3}},"83":{"start":{"line":84,"column":0},"end":{"line":84,"column":41}},"84":{"start":{"line":85,"column":0},"end":{"line":85,"column":72}},"85":{"start":{"line":86,"column":0},"end":{"line":86,"column":3}},"87":{"start":{"line":88,"column":0},"end":{"line":88,"column":36}},"88":{"start":{"line":89,"column":0},"end":{"line":89,"column":30}},"90":{"start":{"line":91,"column":0},"end":{"line":91,"column":62}},"91":{"start":{"line":92,"column":0},"end":{"line":92,"column":81}},"92":{"start":{"line":93,"column":0},"end":{"line":93,"column":3}},"94":{"start":{"line":95,"column":0},"end":{"line":95,"column":28}},"95":{"start":{"line":96,"column":0},"end":{"line":96,"column":57}},"96":{"start":{"line":97,"column":0},"end":{"line":97,"column":30}},"97":{"start":{"line":98,"column":0},"end":{"line":98,"column":68}},"98":{"start":{"line":99,"column":0},"end":{"line":99,"column":35}},"99":{"start":{"line":100,"column":0},"end":{"line":100,"column":8}},"100":{"start":{"line":101,"column":0},"end":{"line":101,"column":5}},"101":{"start":{"line":102,"column":0},"end":{"line":102,"column":4}},"103":{"start":{"line":104,"column":0},"end":{"line":104,"column":41}},"104":{"start":{"line":105,"column":0},"end":{"line":105,"column":1}}},"s":{"0":1,"1":1,"2":1,"6":3,"7":3,"8":3,"9":3,"10":3,"11":3,"12":1,"13":1,"15":2,"16":3,"17":1,"18":1,"20":1,"21":1,"22":1,"23":1,"25":1,"26":1,"28":5,"29":5,"30":5,"31":5,"32":5,"33":5,"34":1,"35":1,"37":5,"38":1,"39":1,"41":3,"42":3,"43":3,"44":5,"45":1,"46":1,"48":2,"49":2,"51":5,"52":1,"53":1,"55":1,"56":1,"57":1,"58":1,"59":1,"60":1,"61":5,"62":5,"63":5,"64":5,"65":5,"66":5,"67":5,"68":5,"69":5,"71":1,"72":1,"74":5,"75":5,"76":5,"77":5,"78":5,"79":5,"80":1,"81":1,"83":5,"84":1,"85":1,"87":3,"88":3,"90":5,"91":2,"92":2,"94":1,"95":1,"96":3,"97":3,"98":3,"99":3,"100":1,"101":1,"103":1,"104":1},"branchMap":{"0":{"type":"branch","line":7,"loc":{"start":{"line":7,"column":0},"end":{"line":27,"column":1}},"locations":[{"start":{"line":7,"column":0},"end":{"line":27,"column":1}}]},"1":{"type":"branch","line":12,"loc":{"start":{"line":12,"column":15},"end":{"line":14,"column":3}},"locations":[{"start":{"line":12,"column":15},"end":{"line":14,"column":3}}]},"2":{"type":"branch","line":14,"loc":{"start":{"line":14,"column":2},"end":{"line":17,"column":15}},"locations":[{"start":{"line":14,"column":2},"end":{"line":17,"column":15}}]},"3":{"type":"branch","line":17,"loc":{"start":{"line":17,"column":15},"end":{"line":27,"column":1}},"locations":[{"start":{"line":17,"column":15},"end":{"line":27,"column":1}}]},"4":{"type":"branch","line":29,"loc":{"start":{"line":29,"column":0},"end":{"line":73,"column":1}},"locations":[{"start":{"line":29,"column":0},"end":{"line":73,"column":1}}]},"5":{"type":"branch","line":34,"loc":{"start":{"line":34,"column":15},"end":{"line":36,"column":3}},"locations":[{"start":{"line":34,"column":15},"end":{"line":36,"column":3}}]},"6":{"type":"branch","line":36,"loc":{"start":{"line":36,"column":2},"end":{"line":38,"column":40}},"locations":[{"start":{"line":36,"column":2},"end":{"line":38,"column":40}}]},"7":{"type":"branch","line":38,"loc":{"start":{"line":38,"column":40},"end":{"line":40,"column":3}},"locations":[{"start":{"line":38,"column":40},"end":{"line":40,"column":3}}]},"8":{"type":"branch","line":40,"loc":{"start":{"line":40,"column":2},"end":{"line":45,"column":12}},"locations":[{"start":{"line":40,"column":2},"end":{"line":45,"column":12}}]},"9":{"type":"branch","line":45,"loc":{"start":{"line":45,"column":12},"end":{"line":47,"column":3}},"locations":[{"start":{"line":45,"column":12},"end":{"line":47,"column":3}}]},"10":{"type":"branch","line":47,"loc":{"start":{"line":47,"column":2},"end":{"line":52,"column":19}},"locations":[{"start":{"line":47,"column":2},"end":{"line":52,"column":19}}]},"11":{"type":"branch","line":52,"loc":{"start":{"line":52,"column":7},"end":{"line":52,"column":27}},"locations":[{"start":{"line":52,"column":7},"end":{"line":52,"column":27}}]},"12":{"type":"branch","line":52,"loc":{"start":{"line":52,"column":27},"end":{"line":61,"column":52}},"locations":[{"start":{"line":52,"column":27},"end":{"line":61,"column":52}}]},"13":{"type":"branch","line":62,"loc":{"start":{"line":62,"column":22},"end":{"line":62,"column":48}},"locations":[{"start":{"line":62,"column":22},"end":{"line":62,"column":48}}]},"14":{"type":"branch","line":63,"loc":{"start":{"line":63,"column":23},"end":{"line":63,"column":50}},"locations":[{"start":{"line":63,"column":23},"end":{"line":63,"column":50}}]},"15":{"type":"branch","line":64,"loc":{"start":{"line":64,"column":19},"end":{"line":64,"column":42}},"locations":[{"start":{"line":64,"column":19},"end":{"line":64,"column":42}}]},"16":{"type":"branch","line":65,"loc":{"start":{"line":65,"column":19},"end":{"line":65,"column":42}},"locations":[{"start":{"line":65,"column":19},"end":{"line":65,"column":42}}]},"17":{"type":"branch","line":66,"loc":{"start":{"line":66,"column":23},"end":{"line":66,"column":50}},"locations":[{"start":{"line":66,"column":23},"end":{"line":66,"column":50}}]},"18":{"type":"branch","line":67,"loc":{"start":{"line":67,"column":32},"end":{"line":67,"column":68}},"locations":[{"start":{"line":67,"column":32},"end":{"line":67,"column":68}}]},"19":{"type":"branch","line":68,"loc":{"start":{"line":68,"column":17},"end":{"line":68,"column":32}},"locations":[{"start":{"line":68,"column":17},"end":{"line":68,"column":32}}]},"20":{"type":"branch","line":70,"loc":{"start":{"line":70,"column":3},"end":{"line":73,"column":1}},"locations":[{"start":{"line":70,"column":3},"end":{"line":73,"column":1}}]},"21":{"type":"branch","line":75,"loc":{"start":{"line":75,"column":0},"end":{"line":105,"column":1}},"locations":[{"start":{"line":75,"column":0},"end":{"line":105,"column":1}}]},"22":{"type":"branch","line":80,"loc":{"start":{"line":80,"column":15},"end":{"line":82,"column":3}},"locations":[{"start":{"line":80,"column":15},"end":{"line":82,"column":3}}]},"23":{"type":"branch","line":82,"loc":{"start":{"line":82,"column":2},"end":{"line":84,"column":40}},"locations":[{"start":{"line":82,"column":2},"end":{"line":84,"column":40}}]},"24":{"type":"branch","line":84,"loc":{"start":{"line":84,"column":40},"end":{"line":86,"column":3}},"locations":[{"start":{"line":84,"column":40},"end":{"line":86,"column":3}}]},"25":{"type":"branch","line":86,"loc":{"start":{"line":86,"column":2},"end":{"line":91,"column":36}},"locations":[{"start":{"line":86,"column":2},"end":{"line":91,"column":36}}]},"26":{"type":"branch","line":91,"loc":{"start":{"line":91,"column":31},"end":{"line":91,"column":61}},"locations":[{"start":{"line":91,"column":31},"end":{"line":91,"column":61}}]},"27":{"type":"branch","line":91,"loc":{"start":{"line":91,"column":61},"end":{"line":93,"column":3}},"locations":[{"start":{"line":91,"column":61},"end":{"line":93,"column":3}}]},"28":{"type":"branch","line":93,"loc":{"start":{"line":93,"column":2},"end":{"line":105,"column":1}},"locations":[{"start":{"line":93,"column":2},"end":{"line":105,"column":1}}]},"29":{"type":"branch","line":96,"loc":{"start":{"line":96,"column":19},"end":{"line":100,"column":8}},"locations":[{"start":{"line":96,"column":19},"end":{"line":100,"column":8}}]}},"b":{"0":[3],"1":[1],"2":[2],"3":[1],"4":[5],"5":[1],"6":[4],"7":[1],"8":[3],"9":[1],"10":[2],"11":[1],"12":[1],"13":[1],"14":[1],"15":[1],"16":[1],"17":[1],"18":[1],"19":[1],"20":[1],"21":[5],"22":[1],"23":[4],"24":[1],"25":[3],"26":[2],"27":[2],"28":[1],"29":[3]},"fnMap":{"0":{"name":"GET","decl":{"start":{"line":7,"column":0},"end":{"line":27,"column":1}},"loc":{"start":{"line":7,"column":0},"end":{"line":27,"column":1}},"line":7},"1":{"name":"POST","decl":{"start":{"line":29,"column":0},"end":{"line":73,"column":1}},"loc":{"start":{"line":29,"column":0},"end":{"line":73,"column":1}},"line":29},"2":{"name":"PATCH","decl":{"start":{"line":75,"column":0},"end":{"line":105,"column":1}},"loc":{"start":{"line":75,"column":0},"end":{"line":105,"column":1}},"line":75}},"f":{"0":3,"1":5,"2":5}}
,"/Users/nhn/git-project/idean3885/trip-planner/src/app/api/trips/[id]/days/[dayId]/activities/[activityId]/route.ts": {"path":"/Users/nhn/git-project/idean3885/trip-planner/src/app/api/trips/[id]/days/[dayId]/activities/[activityId]/route.ts","all":false,"statementMap":{"0":{"start":{"line":1,"column":0},"end":{"line":1,"column":43}},"1":{"start":{"line":2,"column":0},"end":{"line":2,"column":38}},"2":{"start":{"line":3,"column":0},"end":{"line":3,"column":60}},"6":{"start":{"line":7,"column":0},"end":{"line":7,"column":65}},"7":{"start":{"line":8,"column":0},"end":{"line":8,"column":49}},"8":{"start":{"line":9,"column":0},"end":{"line":9,"column":30}},"9":{"start":{"line":10,"column":0},"end":{"line":10,"column":35}},"10":{"start":{"line":11,"column":0},"end":{"line":11,"column":39}},"11":{"start":{"line":12,"column":0},"end":{"line":12,"column":16}},"12":{"start":{"line":13,"column":0},"end":{"line":13,"column":73}},"13":{"start":{"line":14,"column":0},"end":{"line":14,"column":3}},"15":{"start":{"line":16,"column":0},"end":{"line":16,"column":41}},"16":{"start":{"line":17,"column":0},"end":{"line":17,"column":72}},"17":{"start":{"line":18,"column":0},"end":{"line":18,"column":3}},"19":{"start":{"line":20,"column":0},"end":{"line":20,"column":36}},"20":{"start":{"line":21,"column":0},"end":{"line":21,"column":117}},"22":{"start":{"line":23,"column":0},"end":{"line":23,"column":49}},"23":{"start":{"line":24,"column":0},"end":{"line":24,"column":74}},"24":{"start":{"line":25,"column":0},"end":{"line":25,"column":11}},"25":{"start":{"line":26,"column":0},"end":{"line":26,"column":50}},"26":{"start":{"line":27,"column":0},"end":{"line":27,"column":44}},"27":{"start":{"line":28,"column":0},"end":{"line":28,"column":52}},"28":{"start":{"line":29,"column":0},"end":{"line":29,"column":48}},"29":{"start":{"line":30,"column":0},"end":{"line":30,"column":50}},"30":{"start":{"line":31,"column":0},"end":{"line":31,"column":42}},"31":{"start":{"line":32,"column":0},"end":{"line":32,"column":42}},"32":{"start":{"line":33,"column":0},"end":{"line":33,"column":50}},"33":{"start":{"line":34,"column":0},"end":{"line":34,"column":68}},"34":{"start":{"line":35,"column":0},"end":{"line":35,"column":52}},"35":{"start":{"line":36,"column":0},"end":{"line":36,"column":6}},"36":{"start":{"line":37,"column":0},"end":{"line":37,"column":5}},"38":{"start":{"line":39,"column":0},"end":{"line":39,"column":37}},"39":{"start":{"line":40,"column":0},"end":{"line":40,"column":1}},"41":{"start":{"line":42,"column":0},"end":{"line":42,"column":68}},"42":{"start":{"line":43,"column":0},"end":{"line":43,"column":49}},"43":{"start":{"line":44,"column":0},"end":{"line":44,"column":30}},"44":{"start":{"line":45,"column":0},"end":{"line":45,"column":35}},"45":{"start":{"line":46,"column":0},"end":{"line":46,"column":39}},"46":{"start":{"line":47,"column":0},"end":{"line":47,"column":16}},"47":{"start":{"line":48,"column":0},"end":{"line":48,"column":73}},"48":{"start":{"line":49,"column":0},"end":{"line":49,"column":3}},"50":{"start":{"line":51,"column":0},"end":{"line":51,"column":41}},"51":{"start":{"line":52,"column":0},"end":{"line":52,"column":72}},"52":{"start":{"line":53,"column":0},"end":{"line":53,"column":3}},"54":{"start":{"line":55,"column":0},"end":{"line":55,"column":32}},"55":{"start":{"line":56,"column":0},"end":{"line":56,"column":74}},"56":{"start":{"line":57,"column":0},"end":{"line":57,"column":5}},"58":{"start":{"line":59,"column":0},"end":{"line":59,"column":41}},"59":{"start":{"line":60,"column":0},"end":{"line":60,"column":1}}},"s":{"0":1,"1":1,"2":1,"6":3,"7":3,"8":3,"9":3,"10":3,"11":3,"12":1,"13":1,"15":3,"16":1,"17":1,"19":1,"20":1,"22":1,"23":1,"24":1,"25":1,"26":3,"27":3,"28":3,"29":3,"30":3,"31":3,"32":3,"33":3,"34":3,"35":3,"36":3,"38":1,"39":1,"41":3,"42":3,"43":3,"44":3,"45":3,"46":3,"47":1,"48":1,"50":3,"51":1,"52":1,"54":1,"55":1,"56":1,"58":1,"59":1},"branchMap":{"0":{"type":"branch","line":7,"loc":{"start":{"line":7,"column":0},"end":{"line":40,"column":1}},"locations":[{"start":{"line":7,"column":0},"end":{"line":40,"column":1}}]},"1":{"type":"branch","line":12,"loc":{"start":{"line":12,"column":15},"end":{"line":14,"column":3}},"locations":[{"start":{"line":12,"column":15},"end":{"line":14,"column":3}}]},"2":{"type":"branch","line":14,"loc":{"start":{"line":14,"column":2},"end":{"line":16,"column":40}},"locations":[{"start":{"line":14,"column":2},"end":{"line":16,"column":40}}]},"3":{"type":"branch","line":16,"loc":{"start":{"line":16,"column":40},"end":{"line":26,"column":50}},"locations":[{"start":{"line":16,"column":40},"end":{"line":26,"column":50}}]},"4":{"type":"branch","line":27,"loc":{"start":{"line":27,"column":20},"end":{"line":27,"column":44}},"locations":[{"start":{"line":27,"column":20},"end":{"line":27,"column":44}}]},"5":{"type":"branch","line":28,"loc":{"start":{"line":28,"column":24},"end":{"line":28,"column":52}},"locations":[{"start":{"line":28,"column":24},"end":{"line":28,"column":52}}]},"6":{"type":"branch","line":29,"loc":{"start":{"line":29,"column":22},"end":{"line":29,"column":48}},"locations":[{"start":{"line":29,"column":22},"end":{"line":29,"column":48}}]},"7":{"type":"branch","line":30,"loc":{"start":{"line":30,"column":23},"end":{"line":30,"column":50}},"locations":[{"start":{"line":30,"column":23},"end":{"line":30,"column":50}}]},"8":{"type":"branch","line":31,"loc":{"start":{"line":31,"column":19},"end":{"line":31,"column":42}},"locations":[{"start":{"line":31,"column":19},"end":{"line":31,"column":42}}]},"9":{"type":"branch","line":32,"loc":{"start":{"line":32,"column":19},"end":{"line":32,"column":42}},"locations":[{"start":{"line":32,"column":19},"end":{"line":32,"column":42}}]},"10":{"type":"branch","line":33,"loc":{"start":{"line":33,"column":23},"end":{"line":33,"column":50}},"locations":[{"start":{"line":33,"column":23},"end":{"line":33,"column":50}}]},"11":{"type":"branch","line":34,"loc":{"start":{"line":34,"column":32},"end":{"line":34,"column":68}},"locations":[{"start":{"line":34,"column":32},"end":{"line":34,"column":68}}]},"12":{"type":"branch","line":35,"loc":{"start":{"line":35,"column":24},"end":{"line":35,"column":52}},"locations":[{"start":{"line":35,"column":24},"end":{"line":35,"column":52}}]},"13":{"type":"branch","line":37,"loc":{"start":{"line":37,"column":3},"end":{"line":40,"column":1}},"locations":[{"start":{"line":37,"column":3},"end":{"line":40,"column":1}}]},"14":{"type":"branch","line":42,"loc":{"start":{"line":42,"column":0},"end":{"line":60,"column":1}},"locations":[{"start":{"line":42,"column":0},"end":{"line":60,"column":1}}]},"15":{"type":"branch","line":47,"loc":{"start":{"line":47,"column":15},"end":{"line":49,"column":3}},"locations":[{"start":{"line":47,"column":15},"end":{"line":49,"column":3}}]},"16":{"type":"branch","line":49,"loc":{"start":{"line":49,"column":2},"end":{"line":51,"column":40}},"locations":[{"start":{"line":49,"column":2},"end":{"line":51,"column":40}}]},"17":{"type":"branch","line":51,"loc":{"start":{"line":51,"column":40},"end":{"line":60,"column":1}},"locations":[{"start":{"line":51,"column":40},"end":{"line":60,"column":1}}]}},"b":{"0":[3],"1":[1],"2":[2],"3":[1],"4":[1],"5":[1],"6":[1],"7":[1],"8":[1],"9":[1],"10":[1],"11":[1],"12":[1],"13":[1],"14":[3],"15":[1],"16":[2],"17":[1]},"fnMap":{"0":{"name":"PUT","decl":{"start":{"line":7,"column":0},"end":{"line":40,"column":1}},"loc":{"start":{"line":7,"column":0},"end":{"line":40,"column":1}},"line":7},"1":{"name":"DELETE","decl":{"start":{"line":42,"column":0},"end":{"line":60,"column":1}},"loc":{"start":{"line":42,"column":0},"end":{"line":60,"column":1}},"line":42}},"f":{"0":3,"1":3}}
,"/Users/nhn/git-project/idean3885/trip-planner/src/components/ActivityCard.tsx": {"path":"/Users/nhn/git-project/idean3885/trip-planner/src/components/ActivityCard.tsx","all":false,"statementMap":{"2":{"start":{"line":3,"column":0},"end":{"line":3,"column":37}},"4":{"start":{"line":5,"column":0},"end":{"line":5,"column":46}},"5":{"start":{"line":6,"column":0},"end":{"line":6,"column":35}},"6":{"start":{"line":7,"column":0},"end":{"line":7,"column":10}},"7":{"start":{"line":8,"column":0},"end":{"line":8,"column":6}},"8":{"start":{"line":9,"column":0},"end":{"line":9,"column":29}},"9":{"start":{"line":10,"column":0},"end":{"line":10,"column":29}},"10":{"start":{"line":11,"column":0},"end":{"line":11,"column":12}},"11":{"start":{"line":12,"column":0},"end":{"line":12,"column":19}},"12":{"start":{"line":13,"column":0},"end":{"line":13,"column":23}},"13":{"start":{"line":14,"column":0},"end":{"line":14,"column":27}},"14":{"start":{"line":15,"column":0},"end":{"line":15,"column":37}},"15":{"start":{"line":16,"column":0},"end":{"line":16,"column":73}},"17":{"start":{"line":18,"column":0},"end":{"line":18,"column":18}},"18":{"start":{"line":19,"column":0},"end":{"line":19,"column":14}},"20":{"start":{"line":21,"column":0},"end":{"line":21,"column":14}},"22":{"start":{"line":23,"column":0},"end":{"line":23,"column":8}},"23":{"start":{"line":24,"column":0},"end":{"line":24,"column":7}},"25":{"start":{"line":26,"column":0},"end":{"line":26,"column":1}},"27":{"start":{"line":28,"column":0},"end":{"line":28,"column":58}},"28":{"start":{"line":29,"column":0},"end":{"line":29,"column":20}},"29":{"start":{"line":30,"column":0},"end":{"line":30,"column":15}},"30":{"start":{"line":31,"column":0},"end":{"line":31,"column":18}},"31":{"start":{"line":32,"column":0},"end":{"line":32,"column":22}},"32":{"start":{"line":33,"column":0},"end":{"line":33,"column":17}},"33":{"start":{"line":34,"column":0},"end":{"line":34,"column":14}},"34":{"start":{"line":35,"column":0},"end":{"line":35,"column":2}},"36":{"start":{"line":37,"column":0},"end":{"line":37,"column":58}},"37":{"start":{"line":38,"column":0},"end":{"line":38,"column":41}},"38":{"start":{"line":39,"column":0},"end":{"line":39,"column":42}},"39":{"start":{"line":40,"column":0},"end":{"line":40,"column":45}},"40":{"start":{"line":41,"column":0},"end":{"line":41,"column":51}},"41":{"start":{"line":42,"column":0},"end":{"line":42,"column":40}},"42":{"start":{"line":43,"column":0},"end":{"line":43,"column":43}},"43":{"start":{"line":44,"column":0},"end":{"line":44,"column":2}},"45":{"start":{"line":46,"column":0},"end":{"line":46,"column":62}},"46":{"start":{"line":47,"column":0},"end":{"line":47,"column":23}},"47":{"start":{"line":48,"column":0},"end":{"line":48,"column":26}},"48":{"start":{"line":49,"column":0},"end":{"line":49,"column":19}},"49":{"start":{"line":50,"column":0},"end":{"line":50,"column":20}},"50":{"start":{"line":51,"column":0},"end":{"line":51,"column":2}},"74":{"start":{"line":75,"column":0},"end":{"line":75,"column":38}},"75":{"start":{"line":76,"column":0},"end":{"line":76,"column":11}},"76":{"start":{"line":77,"column":0},"end":{"line":77,"column":18}},"77":{"start":{"line":78,"column":0},"end":{"line":78,"column":18}},"78":{"start":{"line":79,"column":0},"end":{"line":79,"column":17}},"79":{"start":{"line":80,"column":0},"end":{"line":80,"column":9}},"80":{"start":{"line":81,"column":0},"end":{"line":81,"column":11}},"81":{"start":{"line":82,"column":0},"end":{"line":82,"column":11}},"82":{"start":{"line":83,"column":0},"end":{"line":83,"column":13}},"83":{"start":{"line":84,"column":0},"end":{"line":84,"column":23}},"84":{"start":{"line":85,"column":0},"end":{"line":85,"column":19}},"85":{"start":{"line":86,"column":0},"end":{"line":86,"column":42}},"86":{"start":{"line":87,"column":0},"end":{"line":87,"column":51}},"87":{"start":{"line":88,"column":0},"end":{"line":88,"column":35}},"89":{"start":{"line":90,"column":0},"end":{"line":90,"column":60}},"91":{"start":{"line":92,"column":0},"end":{"line":92,"column":10}},"92":{"start":{"line":93,"column":0},"end":{"line":93,"column":106}},"93":{"start":{"line":94,"column":0},"end":{"line":94,"column":62}},"94":{"start":{"line":95,"column":0},"end":{"line":95,"column":40}},"95":{"start":{"line":96,"column":0},"end":{"line":96,"column":51}},"96":{"start":{"line":97,"column":0},"end":{"line":97,"column":17}},"97":{"start":{"line":98,"column":0},"end":{"line":98,"column":128}},"99":{"start":{"line":100,"column":0},"end":{"line":100,"column":49}},"100":{"start":{"line":101,"column":0},"end":{"line":101,"column":19}},"101":{"start":{"line":102,"column":0},"end":{"line":102,"column":27}},"102":{"start":{"line":103,"column":0},"end":{"line":103,"column":80}},"104":{"start":{"line":105,"column":0},"end":{"line":105,"column":16}},"105":{"start":{"line":106,"column":0},"end":{"line":106,"column":72}},"106":{"start":{"line":107,"column":0},"end":{"line":107,"column":28}},"107":{"start":{"line":108,"column":0},"end":{"line":108,"column":14}},"108":{"start":{"line":109,"column":0},"end":{"line":109,"column":33}},"109":{"start":{"line":110,"column":0},"end":{"line":110,"column":64}},"110":{"start":{"line":111,"column":0},"end":{"line":111,"column":33}},"111":{"start":{"line":112,"column":0},"end":{"line":112,"column":16}},"113":{"start":{"line":114,"column":0},"end":{"line":114,"column":29}},"114":{"start":{"line":115,"column":0},"end":{"line":115,"column":62}},"115":{"start":{"line":116,"column":0},"end":{"line":116,"column":46}},"116":{"start":{"line":117,"column":0},"end":{"line":117,"column":16}},"118":{"start":{"line":119,"column":0},"end":{"line":119,"column":14}},"119":{"start":{"line":120,"column":0},"end":{"line":120,"column":66}},"120":{"start":{"line":121,"column":0},"end":{"line":121,"column":41}},"121":{"start":{"line":122,"column":0},"end":{"line":122,"column":72}},"122":{"start":{"line":123,"column":0},"end":{"line":123,"column":57}},"123":{"start":{"line":124,"column":0},"end":{"line":124,"column":19}},"125":{"start":{"line":126,"column":0},"end":{"line":126,"column":42}},"126":{"start":{"line":127,"column":0},"end":{"line":127,"column":59}},"127":{"start":{"line":128,"column":0},"end":{"line":128,"column":61}},"128":{"start":{"line":129,"column":0},"end":{"line":129,"column":19}},"130":{"start":{"line":131,"column":0},"end":{"line":131,"column":14}},"131":{"start":{"line":132,"column":0},"end":{"line":132,"column":12}},"133":{"start":{"line":134,"column":0},"end":{"line":134,"column":19}},"134":{"start":{"line":135,"column":0},"end":{"line":135,"column":150}},"135":{"start":{"line":136,"column":0},"end":{"line":136,"column":38}},"136":{"start":{"line":137,"column":0},"end":{"line":137,"column":19}},"137":{"start":{"line":138,"column":0},"end":{"line":138,"column":32}},"138":{"start":{"line":139,"column":0},"end":{"line":139,"column":32}},"139":{"start":{"line":140,"column":0},"end":{"line":140,"column":164}},"140":{"start":{"line":141,"column":0},"end":{"line":141,"column":29}},"141":{"start":{"line":142,"column":0},"end":{"line":142,"column":13}},"143":{"start":{"line":144,"column":0},"end":{"line":144,"column":21}},"144":{"start":{"line":145,"column":0},"end":{"line":145,"column":19}},"145":{"start":{"line":146,"column":0},"end":{"line":146,"column":34}},"146":{"start":{"line":147,"column":0},"end":{"line":147,"column":31}},"147":{"start":{"line":148,"column":0},"end":{"line":148,"column":164}},"148":{"start":{"line":149,"column":0},"end":{"line":149,"column":30}},"149":{"start":{"line":150,"column":0},"end":{"line":150,"column":13}},"151":{"start":{"line":152,"column":0},"end":{"line":152,"column":21}},"152":{"start":{"line":153,"column":0},"end":{"line":153,"column":16}},"153":{"start":{"line":154,"column":0},"end":{"line":154,"column":38}},"154":{"start":{"line":155,"column":0},"end":{"line":155,"column":19}},"155":{"start":{"line":156,"column":0},"end":{"line":156,"column":30}},"156":{"start":{"line":157,"column":0},"end":{"line":157,"column":118}},"157":{"start":{"line":158,"column":0},"end":{"line":158,"column":13}},"159":{"start":{"line":160,"column":0},"end":{"line":160,"column":21}},"160":{"start":{"line":161,"column":0},"end":{"line":161,"column":19}},"161":{"start":{"line":162,"column":0},"end":{"line":162,"column":32}},"162":{"start":{"line":163,"column":0},"end":{"line":163,"column":105}},"163":{"start":{"line":164,"column":0},"end":{"line":164,"column":13}},"165":{"start":{"line":166,"column":0},"end":{"line":166,"column":21}},"166":{"start":{"line":167,"column":0},"end":{"line":167,"column":16}},"167":{"start":{"line":168,"column":0},"end":{"line":168,"column":14}},"169":{"start":{"line":170,"column":0},"end":{"line":170,"column":10}},"171":{"start":{"line":172,"column":0},"end":{"line":172,"column":1}}},"s":{"2":1,"4":4,"5":4,"6":4,"7":4,"8":4,"9":6,"10":1,"11":1,"12":1,"13":1,"14":1,"15":1,"17":1,"18":1,"20":5,"22":4,"23":4,"25":4,"27":1,"28":1,"29":1,"30":1,"31":1,"32":1,"33":1,"34":1,"36":1,"37":1,"38":1,"39":1,"40":1,"41":1,"42":1,"43":1,"45":1,"46":1,"47":1,"48":1,"49":1,"50":1,"74":48,"75":48,"76":48,"77":48,"78":48,"79":48,"80":48,"81":48,"82":48,"83":48,"84":48,"85":48,"86":44,"87":4,"89":48,"91":48,"92":48,"93":48,"94":48,"95":48,"96":48,"97":48,"99":48,"100":48,"101":48,"102":45,"104":48,"105":48,"106":48,"107":48,"108":48,"109":46,"110":46,"111":46,"113":48,"114":4,"115":4,"116":4,"118":48,"119":48,"120":48,"121":4,"122":4,"123":4,"125":48,"126":3,"127":3,"128":3,"130":48,"131":48,"133":48,"134":32,"135":32,"136":32,"137":32,"138":32,"139":32,"140":32,"141":32,"143":32,"144":32,"145":32,"146":32,"147":32,"148":32,"149":32,"151":32,"152":32,"153":32,"154":32,"155":32,"156":32,"157":32,"159":32,"160":32,"161":32,"162":32,"163":32,"165":32,"166":32,"167":32,"169":48,"171":48},"branchMap":{"0":{"type":"branch","line":5,"loc":{"start":{"line":5,"column":0},"end":{"line":26,"column":1}},"locations":[{"start":{"line":5,"column":0},"end":{"line":26,"column":1}}]},"1":{"type":"branch","line":9,"loc":{"start":{"line":9,"column":17},"end":{"line":21,"column":14}},"locations":[{"start":{"line":9,"column":17},"end":{"line":21,"column":14}}]},"2":{"type":"branch","line":10,"loc":{"start":{"line":10,"column":24},"end":{"line":19,"column":14}},"locations":[{"start":{"line":10,"column":24},"end":{"line":19,"column":14}}]},"3":{"type":"branch","line":19,"loc":{"start":{"line":19,"column":10},"end":{"line":21,"column":14}},"locations":[{"start":{"line":19,"column":10},"end":{"line":21,"column":14}}]},"4":{"type":"branch","line":75,"loc":{"start":{"line":75,"column":0},"end":{"line":172,"column":1}},"locations":[{"start":{"line":75,"column":0},"end":{"line":172,"column":1}}]},"5":{"type":"branch","line":86,"loc":{"start":{"line":86,"column":13},"end":{"line":86,"column":42}},"locations":[{"start":{"line":86,"column":13},"end":{"line":86,"column":42}}]},"6":{"type":"branch","line":86,"loc":{"start":{"line":86,"column":35},"end":{"line":87,"column":51}},"locations":[{"start":{"line":86,"column":35},"end":{"line":87,"column":51}}]},"7":{"type":"branch","line":87,"loc":{"start":{"line":87,"column":49},"end":{"line":88,"column":35}},"locations":[{"start":{"line":87,"column":49},"end":{"line":88,"column":35}}]},"8":{"type":"branch","line":88,"loc":{"start":{"line":88,"column":17},"end":{"line":88,"column":35}},"locations":[{"start":{"line":88,"column":17},"end":{"line":88,"column":35}}]},"9":{"type":"branch","line":90,"loc":{"start":{"line":90,"column":24},"end":{"line":90,"column":55}},"locations":[{"start":{"line":90,"column":24},"end":{"line":90,"column":55}}]},"10":{"type":"branch","line":90,"loc":{"start":{"line":90,"column":51},"end":{"line":90,"column":60}},"locations":[{"start":{"line":90,"column":51},"end":{"line":90,"column":60}}]},"11":{"type":"branch","line":102,"loc":{"start":{"line":102,"column":13},"end":{"line":103,"column":80}},"locations":[{"start":{"line":102,"column":13},"end":{"line":103,"column":80}}]},"12":{"type":"branch","line":109,"loc":{"start":{"line":109,"column":20},"end":{"line":112,"column":16}},"locations":[{"start":{"line":109,"column":20},"end":{"line":112,"column":16}}]},"13":{"type":"branch","line":114,"loc":{"start":{"line":114,"column":20},"end":{"line":117,"column":16}},"locations":[{"start":{"line":114,"column":20},"end":{"line":117,"column":16}}]},"14":{"type":"branch","line":121,"loc":{"start":{"line":121,"column":20},"end":{"line":121,"column":41}},"locations":[{"start":{"line":121,"column":20},"end":{"line":121,"column":41}}]},"15":{"type":"branch","line":121,"loc":{"start":{"line":121,"column":35},"end":{"line":124,"column":19}},"locations":[{"start":{"line":121,"column":35},"end":{"line":124,"column":19}}]},"16":{"type":"branch","line":126,"loc":{"start":{"line":126,"column":20},"end":{"line":129,"column":19}},"locations":[{"start":{"line":126,"column":20},"end":{"line":129,"column":19}}]},"17":{"type":"branch","line":134,"loc":{"start":{"line":134,"column":7},"end":{"line":168,"column":14}},"locations":[{"start":{"line":134,"column":7},"end":{"line":168,"column":14}}]}},"b":{"0":[4],"1":[6],"2":[1],"3":[5],"4":[48],"5":[45],"6":[44],"7":[4],"8":[3],"9":[4],"10":[44],"11":[45],"12":[46],"13":[4],"14":[4],"15":[4],"16":[3],"17":[32]},"fnMap":{"0":{"name":"Linkify","decl":{"start":{"line":5,"column":0},"end":{"line":26,"column":1}},"loc":{"start":{"line":5,"column":0},"end":{"line":26,"column":1}},"line":5},"1":{"name":"ActivityCard","decl":{"start":{"line":75,"column":0},"end":{"line":172,"column":1}},"loc":{"start":{"line":75,"column":0},"end":{"line":172,"column":1}},"line":75}},"f":{"0":4,"1":48}}
,"/Users/nhn/git-project/idean3885/trip-planner/src/components/ActivityForm.tsx": {"path":"/Users/nhn/git-project/idean3885/trip-planner/src/components/ActivityForm.tsx","all":false,"statementMap":{"2":{"start":{"line":3,"column":0},"end":{"line":3,"column":44}},"5":{"start":{"line":6,"column":0},"end":{"line":6,"column":72}},"6":{"start":{"line":7,"column":0},"end":{"line":7,"column":40}},"7":{"start":{"line":8,"column":0},"end":{"line":8,"column":35}},"8":{"start":{"line":9,"column":0},"end":{"line":9,"column":38}},"9":{"start":{"line":10,"column":0},"end":{"line":10,"column":42}},"10":{"start":{"line":11,"column":0},"end":{"line":11,"column":37}},"11":{"start":{"line":12,"column":0},"end":{"line":12,"column":34}},"12":{"start":{"line":13,"column":0},"end":{"line":13,"column":2}},"14":{"start":{"line":15,"column":0},"end":{"line":15,"column":81}},"15":{"start":{"line":16,"column":0},"end":{"line":16,"column":32}},"16":{"start":{"line":17,"column":0},"end":{"line":17,"column":43}},"17":{"start":{"line":18,"column":0},"end":{"line":18,"column":46}},"18":{"start":{"line":19,"column":0},"end":{"line":19,"column":39}},"19":{"start":{"line":20,"column":0},"end":{"line":20,"column":40}},"20":{"start":{"line":21,"column":0},"end":{"line":21,"column":2}},"41":{"start":{"line":42,"column":0},"end":{"line":42,"column":58}},"42":{"start":{"line":43,"column":0},"end":{"line":43,"column":25}},"43":{"start":{"line":44,"column":0},"end":{"line":44,"column":31}},"44":{"start":{"line":45,"column":0},"end":{"line":45,"column":37}},"45":{"start":{"line":46,"column":0},"end":{"line":46,"column":55}},"46":{"start":{"line":47,"column":0},"end":{"line":47,"column":27}},"47":{"start":{"line":48,"column":0},"end":{"line":48,"column":106}},"48":{"start":{"line":49,"column":0},"end":{"line":49,"column":35}},"49":{"start":{"line":50,"column":0},"end":{"line":50,"column":104}},"50":{"start":{"line":51,"column":0},"end":{"line":51,"column":24}},"51":{"start":{"line":52,"column":0},"end":{"line":52,"column":1}},"53":{"start":{"line":54,"column":0},"end":{"line":54,"column":38}},"54":{"start":{"line":55,"column":0},"end":{"line":55,"column":10}},"55":{"start":{"line":56,"column":0},"end":{"line":56,"column":11}},"56":{"start":{"line":57,"column":0},"end":{"line":57,"column":11}},"57":{"start":{"line":58,"column":0},"end":{"line":58,"column":17}},"58":{"start":{"line":59,"column":0},"end":{"line":59,"column":23}},"59":{"start":{"line":60,"column":0},"end":{"line":60,"column":54}},"60":{"start":{"line":61,"column":0},"end":{"line":61,"column":49}},"61":{"start":{"line":62,"column":0},"end":{"line":62,"column":32}},"62":{"start":{"line":63,"column":0},"end":{"line":63,"column":40}},"63":{"start":{"line":64,"column":0},"end":{"line":64,"column":36}},"64":{"start":{"line":65,"column":0},"end":{"line":65,"column":38}},"65":{"start":{"line":66,"column":0},"end":{"line":66,"column":30}},"66":{"start":{"line":67,"column":0},"end":{"line":67,"column":30}},"67":{"start":{"line":68,"column":0},"end":{"line":68,"column":41}},"68":{"start":{"line":69,"column":0},"end":{"line":69,"column":56}},"69":{"start":{"line":70,"column":0},"end":{"line":70,"column":5}},"70":{"start":{"line":71,"column":0},"end":{"line":71,"column":46}},"71":{"start":{"line":72,"column":0},"end":{"line":72,"column":45}},"73":{"start":{"line":74,"column":0},"end":{"line":74,"column":19}},"74":{"start":{"line":75,"column":0},"end":{"line":75,"column":64}},"75":{"start":{"line":76,"column":0},"end":{"line":76,"column":63}},"76":{"start":{"line":77,"column":0},"end":{"line":77,"column":45}},"77":{"start":{"line":78,"column":0},"end":{"line":78,"column":62}},"78":{"start":{"line":79,"column":0},"end":{"line":79,"column":71}},"79":{"start":{"line":80,"column":0},"end":{"line":80,"column":67}},"80":{"start":{"line":81,"column":0},"end":{"line":81,"column":56}},"81":{"start":{"line":82,"column":0},"end":{"line":82,"column":6}},"82":{"start":{"line":83,"column":0},"end":{"line":83,"column":38}},"84":{"start":{"line":85,"column":0},"end":{"line":85,"column":60}},"85":{"start":{"line":86,"column":0},"end":{"line":86,"column":45}},"86":{"start":{"line":87,"column":0},"end":{"line":87,"column":71}},"87":{"start":{"line":88,"column":0},"end":{"line":88,"column":5}},"88":{"start":{"line":89,"column":0},"end":{"line":89,"column":60}},"90":{"start":{"line":91,"column":0},"end":{"line":91,"column":65}},"91":{"start":{"line":92,"column":0},"end":{"line":92,"column":53}},"92":{"start":{"line":93,"column":0},"end":{"line":93,"column":3}},"94":{"start":{"line":95,"column":0},"end":{"line":95,"column":51}},"95":{"start":{"line":96,"column":0},"end":{"line":96,"column":23}},"96":{"start":{"line":97,"column":0},"end":{"line":97,"column":35}},"97":{"start":{"line":98,"column":0},"end":{"line":98,"column":20}},"98":{"start":{"line":99,"column":0},"end":{"line":99,"column":9}},"99":{"start":{"line":100,"column":0},"end":{"line":100,"column":27}},"100":{"start":{"line":101,"column":0},"end":{"line":101,"column":15}},"101":{"start":{"line":102,"column":0},"end":{"line":102,"column":23}},"102":{"start":{"line":103,"column":0},"end":{"line":103,"column":5}},"103":{"start":{"line":104,"column":0},"end":{"line":104,"column":3}},"105":{"start":{"line":106,"column":0},"end":{"line":106,"column":10}},"106":{"start":{"line":107,"column":0},"end":{"line":107,"column":9}},"107":{"start":{"line":108,"column":0},"end":{"line":108,"column":29}},"108":{"start":{"line":109,"column":0},"end":{"line":109,"column":84}},"110":{"start":{"line":111,"column":0},"end":{"line":111,"column":47}},"111":{"start":{"line":112,"column":0},"end":{"line":112,"column":13}},"112":{"start":{"line":113,"column":0},"end":{"line":113,"column":71}},"113":{"start":{"line":114,"column":0},"end":{"line":114,"column":54}},"114":{"start":{"line":115,"column":0},"end":{"line":115,"column":18}},"115":{"start":{"line":116,"column":0},"end":{"line":116,"column":17}},"116":{"start":{"line":117,"column":0},"end":{"line":117,"column":33}},"117":{"start":{"line":118,"column":0},"end":{"line":118,"column":64}},"118":{"start":{"line":119,"column":0},"end":{"line":119,"column":94}},"120":{"start":{"line":121,"column":0},"end":{"line":121,"column":44}},"121":{"start":{"line":122,"column":0},"end":{"line":122,"column":56}},"122":{"start":{"line":123,"column":0},"end":{"line":123,"column":27}},"123":{"start":{"line":124,"column":0},"end":{"line":124,"column":23}},"124":{"start":{"line":125,"column":0},"end":{"line":125,"column":15}},"125":{"start":{"line":126,"column":0},"end":{"line":126,"column":19}},"126":{"start":{"line":127,"column":0},"end":{"line":127,"column":14}},"127":{"start":{"line":128,"column":0},"end":{"line":128,"column":32}},"128":{"start":{"line":129,"column":0},"end":{"line":129,"column":71}},"129":{"start":{"line":130,"column":0},"end":{"line":130,"column":54}},"130":{"start":{"line":131,"column":0},"end":{"line":131,"column":18}},"131":{"start":{"line":132,"column":0},"end":{"line":132,"column":16}},"132":{"start":{"line":133,"column":0},"end":{"line":133,"column":23}},"133":{"start":{"line":134,"column":0},"end":{"line":134,"column":30}},"134":{"start":{"line":135,"column":0},"end":{"line":135,"column":61}},"135":{"start":{"line":136,"column":0},"end":{"line":136,"column":20}},"136":{"start":{"line":137,"column":0},"end":{"line":137,"column":172}},"137":{"start":{"line":138,"column":0},"end":{"line":138,"column":12}},"138":{"start":{"line":139,"column":0},"end":{"line":139,"column":14}},"139":{"start":{"line":140,"column":0},"end":{"line":140,"column":12}},"141":{"start":{"line":142,"column":0},"end":{"line":142,"column":46}},"142":{"start":{"line":143,"column":0},"end":{"line":143,"column":13}},"143":{"start":{"line":144,"column":0},"end":{"line":144,"column":71}},"144":{"start":{"line":145,"column":0},"end":{"line":145,"column":54}},"145":{"start":{"line":146,"column":0},"end":{"line":146,"column":83}},"146":{"start":{"line":147,"column":0},"end":{"line":147,"column":18}},"147":{"start":{"line":148,"column":0},"end":{"line":148,"column":16}},"148":{"start":{"line":149,"column":0},"end":{"line":149,"column":23}},"149":{"start":{"line":150,"column":0},"end":{"line":150,"column":34}},"150":{"start":{"line":151,"column":0},"end":{"line":151,"column":65}},"151":{"start":{"line":152,"column":0},"end":{"line":152,"column":20}},"152":{"start":{"line":153,"column":0},"end":{"line":153,"column":92}},"153":{"start":{"line":154,"column":0},"end":{"line":154,"column":12}},"154":{"start":{"line":155,"column":0},"end":{"line":155,"column":14}},"155":{"start":{"line":156,"column":0},"end":{"line":156,"column":13}},"156":{"start":{"line":157,"column":0},"end":{"line":157,"column":71}},"157":{"start":{"line":158,"column":0},"end":{"line":158,"column":54}},"158":{"start":{"line":159,"column":0},"end":{"line":159,"column":83}},"159":{"start":{"line":160,"column":0},"end":{"line":160,"column":18}},"160":{"start":{"line":161,"column":0},"end":{"line":161,"column":16}},"161":{"start":{"line":162,"column":0},"end":{"line":162,"column":23}},"162":{"start":{"line":163,"column":0},"end":{"line":163,"column":32}},"163":{"start":{"line":164,"column":0},"end":{"line":164,"column":63}},"164":{"start":{"line":165,"column":0},"end":{"line":165,"column":20}},"165":{"start":{"line":166,"column":0},"end":{"line":166,"column":92}},"166":{"start":{"line":167,"column":0},"end":{"line":167,"column":12}},"167":{"start":{"line":168,"column":0},"end":{"line":168,"column":14}},"168":{"start":{"line":169,"column":0},"end":{"line":169,"column":12}},"170":{"start":{"line":171,"column":0},"end":{"line":171,"column":12}},"171":{"start":{"line":172,"column":0},"end":{"line":172,"column":19}},"172":{"start":{"line":173,"column":0},"end":{"line":173,"column":24}},"173":{"start":{"line":174,"column":0},"end":{"line":174,"column":29}},"174":{"start":{"line":175,"column":0},"end":{"line":175,"column":60}},"175":{"start":{"line":176,"column":0},"end":{"line":176,"column":88}},"176":{"start":{"line":177,"column":0},"end":{"line":177,"column":8}},"178":{"start":{"line":179,"column":0},"end":{"line":179,"column":15}},"179":{"start":{"line":180,"column":0},"end":{"line":180,"column":24}},"180":{"start":{"line":181,"column":0},"end":{"line":181,"column":25}},"181":{"start":{"line":182,"column":0},"end":{"line":182,"column":56}},"182":{"start":{"line":183,"column":0},"end":{"line":183,"column":16}},"183":{"start":{"line":184,"column":0},"end":{"line":184,"column":100}},"184":{"start":{"line":185,"column":0},"end":{"line":185,"column":8}},"186":{"start":{"line":187,"column":0},"end":{"line":187,"column":46}},"187":{"start":{"line":188,"column":0},"end":{"line":188,"column":13}},"188":{"start":{"line":189,"column":0},"end":{"line":189,"column":81}},"189":{"start":{"line":190,"column":0},"end":{"line":190,"column":16}},"190":{"start":{"line":191,"column":0},"end":{"line":191,"column":25}},"191":{"start":{"line":192,"column":0},"end":{"line":192,"column":23}},"192":{"start":{"line":193,"column":0},"end":{"line":193,"column":19}},"193":{"start":{"line":194,"column":0},"end":{"line":194,"column":27}},"194":{"start":{"line":195,"column":0},"end":{"line":195,"column":29}},"195":{"start":{"line":196,"column":0},"end":{"line":196,"column":60}},"196":{"start":{"line":197,"column":0},"end":{"line":197,"column":92}},"197":{"start":{"line":198,"column":0},"end":{"line":198,"column":12}},"198":{"start":{"line":199,"column":0},"end":{"line":199,"column":14}},"199":{"start":{"line":200,"column":0},"end":{"line":200,"column":13}},"200":{"start":{"line":201,"column":0},"end":{"line":201,"column":81}},"201":{"start":{"line":202,"column":0},"end":{"line":202,"column":16}},"202":{"start":{"line":203,"column":0},"end":{"line":203,"column":23}},"203":{"start":{"line":204,"column":0},"end":{"line":204,"column":25}},"204":{"start":{"line":205,"column":0},"end":{"line":205,"column":33}},"205":{"start":{"line":206,"column":0},"end":{"line":206,"column":78}},"206":{"start":{"line":207,"column":0},"end":{"line":207,"column":92}},"207":{"start":{"line":208,"column":0},"end":{"line":208,"column":12}},"208":{"start":{"line":209,"column":0},"end":{"line":209,"column":14}},"209":{"start":{"line":210,"column":0},"end":{"line":210,"column":13}},"210":{"start":{"line":211,"column":0},"end":{"line":211,"column":81}},"211":{"start":{"line":212,"column":0},"end":{"line":212,"column":17}},"212":{"start":{"line":213,"column":0},"end":{"line":213,"column":42}},"213":{"start":{"line":214,"column":0},"end":{"line":214,"column":73}},"214":{"start":{"line":215,"column":0},"end":{"line":215,"column":101}},"216":{"start":{"line":217,"column":0},"end":{"line":217,"column":47}},"217":{"start":{"line":218,"column":0},"end":{"line":218,"column":56}},"218":{"start":{"line":219,"column":0},"end":{"line":219,"column":27}},"219":{"start":{"line":220,"column":0},"end":{"line":220,"column":23}},"220":{"start":{"line":221,"column":0},"end":{"line":221,"column":15}},"221":{"start":{"line":222,"column":0},"end":{"line":222,"column":19}},"222":{"start":{"line":223,"column":0},"end":{"line":223,"column":14}},"223":{"start":{"line":224,"column":0},"end":{"line":224,"column":12}},"225":{"start":{"line":226,"column":0},"end":{"line":226,"column":51}},"226":{"start":{"line":227,"column":0},"end":{"line":227,"column":15}},"227":{"start":{"line":228,"column":0},"end":{"line":228,"column":23}},"228":{"start":{"line":229,"column":0},"end":{"line":229,"column":28}},"229":{"start":{"line":230,"column":0},"end":{"line":230,"column":95}},"230":{"start":{"line":231,"column":0},"end":{"line":231,"column":9}},"232":{"start":{"line":233,"column":0},"end":{"line":233,"column":17}},"233":{"start":{"line":234,"column":0},"end":{"line":234,"column":15}},"234":{"start":{"line":235,"column":0},"end":{"line":235,"column":23}},"235":{"start":{"line":236,"column":0},"end":{"line":236,"column":49}},"236":{"start":{"line":237,"column":0},"end":{"line":237,"column":124}},"238":{"start":{"line":239,"column":0},"end":{"line":239,"column":53}},"239":{"start":{"line":240,"column":0},"end":{"line":240,"column":17}},"240":{"start":{"line":241,"column":0},"end":{"line":241,"column":12}},"241":{"start":{"line":242,"column":0},"end":{"line":242,"column":11}},"243":{"start":{"line":244,"column":0},"end":{"line":244,"column":1}}},"s":{"2":1,"5":1,"6":1,"7":1,"8":1,"9":1,"10":1,"11":1,"12":1,"14":1,"15":1,"16":1,"17":1,"18":1,"19":1,"20":1,"41":21,"42":21,"43":21,"44":21,"45":21,"46":21,"47":21,"48":21,"49":21,"50":21,"51":21,"53":102,"54":102,"55":102,"56":102,"57":102,"58":102,"59":102,"60":102,"61":102,"62":102,"63":102,"64":102,"65":102,"66":102,"67":102,"68":102,"69":102,"70":102,"71":102,"73":102,"74":33,"75":33,"76":33,"77":33,"78":33,"79":33,"80":33,"81":33,"82":33,"84":33,"85":21,"86":21,"87":21,"88":102,"90":102,"91":24,"92":24,"94":102,"95":10,"96":10,"97":8,"98":8,"99":8,"100":8,"101":8,"102":8,"103":10,"105":102,"106":102,"107":102,"108":102,"110":102,"111":102,"112":102,"113":102,"114":102,"115":102,"116":102,"117":102,"118":102,"120":102,"121":612,"122":612,"123":612,"124":102,"125":102,"126":102,"127":102,"128":102,"129":102,"130":102,"131":102,"132":102,"133":102,"134":102,"135":102,"136":102,"137":102,"138":102,"139":102,"141":102,"142":102,"143":102,"144":102,"145":102,"146":102,"147":102,"148":102,"149":102,"150":102,"151":102,"152":102,"153":102,"154":102,"155":102,"156":102,"157":102,"158":102,"159":102,"160":102,"161":102,"162":102,"163":102,"164":102,"165":102,"166":102,"167":102,"168":102,"170":102,"171":102,"172":102,"173":102,"174":102,"175":102,"176":102,"178":102,"179":102,"180":102,"181":102,"182":102,"183":102,"184":102,"186":102,"187":102,"188":102,"189":102,"190":102,"191":102,"192":102,"193":102,"194":102,"195":102,"196":102,"197":102,"198":102,"199":102,"200":102,"201":102,"202":102,"203":102,"204":102,"205":102,"206":102,"207":102,"208":102,"209":102,"210":102,"211":102,"212":102,"213":102,"214":102,"216":102,"217":510,"218":510,"219":510,"220":102,"221":102,"222":102,"223":102,"225":102,"226":102,"227":102,"228":102,"229":102,"230":102,"232":102,"233":102,"234":102,"235":102,"236":102,"238":102,"239":102,"240":102,"241":102,"243":102},"branchMap":{"0":{"type":"branch","line":42,"loc":{"start":{"line":42,"column":0},"end":{"line":52,"column":1}},"locations":[{"start":{"line":42,"column":0},"end":{"line":52,"column":1}}]},"1":{"type":"branch","line":45,"loc":{"start":{"line":45,"column":25},"end":{"line":45,"column":35}},"locations":[{"start":{"line":45,"column":25},"end":{"line":45,"column":35}}]},"2":{"type":"branch","line":45,"loc":{"start":{"line":45,"column":30},"end":{"line":45,"column":37}},"locations":[{"start":{"line":45,"column":30},"end":{"line":45,"column":37}}]},"3":{"type":"branch","line":46,"loc":{"start":{"line":46,"column":22},"end":{"line":46,"column":55}},"locations":[{"start":{"line":46,"column":22},"end":{"line":46,"column":55}}]},"4":{"type":"branch","line":54,"loc":{"start":{"line":54,"column":0},"end":{"line":244,"column":1}},"locations":[{"start":{"line":54,"column":0},"end":{"line":244,"column":1}}]},"5":{"type":"branch","line":61,"loc":{"start":{"line":61,"column":14},"end":{"line":61,"column":35}},"locations":[{"start":{"line":61,"column":14},"end":{"line":61,"column":35}}]},"6":{"type":"branch","line":61,"loc":{"start":{"line":61,"column":23},"end":{"line":61,"column":49}},"locations":[{"start":{"line":61,"column":23},"end":{"line":61,"column":49}}]},"7":{"type":"branch","line":62,"loc":{"start":{"line":62,"column":11},"end":{"line":62,"column":29}},"locations":[{"start":{"line":62,"column":11},"end":{"line":62,"column":29}}]},"8":{"type":"branch","line":62,"loc":{"start":{"line":62,"column":20},"end":{"line":62,"column":32}},"locations":[{"start":{"line":62,"column":20},"end":{"line":62,"column":32}}]},"9":{"type":"branch","line":63,"loc":{"start":{"line":63,"column":15},"end":{"line":63,"column":37}},"locations":[{"start":{"line":63,"column":15},"end":{"line":63,"column":37}}]},"10":{"type":"branch","line":63,"loc":{"start":{"line":63,"column":24},"end":{"line":63,"column":40}},"locations":[{"start":{"line":63,"column":24},"end":{"line":63,"column":40}}]},"11":{"type":"branch","line":64,"loc":{"start":{"line":64,"column":13},"end":{"line":64,"column":33}},"locations":[{"start":{"line":64,"column":13},"end":{"line":64,"column":33}}]},"12":{"type":"branch","line":64,"loc":{"start":{"line":64,"column":22},"end":{"line":64,"column":36}},"locations":[{"start":{"line":64,"column":22},"end":{"line":64,"column":36}}]},"13":{"type":"branch","line":65,"loc":{"start":{"line":65,"column":14},"end":{"line":65,"column":35}},"locations":[{"start":{"line":65,"column":14},"end":{"line":65,"column":35}}]},"14":{"type":"branch","line":65,"loc":{"start":{"line":65,"column":23},"end":{"line":65,"column":38}},"locations":[{"start":{"line":65,"column":23},"end":{"line":65,"column":38}}]},"15":{"type":"branch","line":66,"loc":{"start":{"line":66,"column":10},"end":{"line":66,"column":27}},"locations":[{"start":{"line":66,"column":10},"end":{"line":66,"column":27}}]},"16":{"type":"branch","line":66,"loc":{"start":{"line":66,"column":19},"end":{"line":66,"column":30}},"locations":[{"start":{"line":66,"column":19},"end":{"line":66,"column":30}}]},"17":{"type":"branch","line":67,"loc":{"start":{"line":67,"column":10},"end":{"line":67,"column":27}},"locations":[{"start":{"line":67,"column":10},"end":{"line":67,"column":27}}]},"18":{"type":"branch","line":67,"loc":{"start":{"line":67,"column":19},"end":{"line":67,"column":30}},"locations":[{"start":{"line":67,"column":19},"end":{"line":67,"column":30}}]},"19":{"type":"branch","line":68,"loc":{"start":{"line":68,"column":14},"end":{"line":68,"column":35}},"locations":[{"start":{"line":68,"column":14},"end":{"line":68,"column":35}}]},"20":{"type":"branch","line":68,"loc":{"start":{"line":68,"column":23},"end":{"line":68,"column":41}},"locations":[{"start":{"line":68,"column":23},"end":{"line":68,"column":41}}]},"21":{"type":"branch","line":69,"loc":{"start":{"line":69,"column":23},"end":{"line":69,"column":53}},"locations":[{"start":{"line":69,"column":23},"end":{"line":69,"column":53}}]},"22":{"type":"branch","line":69,"loc":{"start":{"line":69,"column":32},"end":{"line":69,"column":56}},"locations":[{"start":{"line":69,"column":32},"end":{"line":69,"column":56}}]},"23":{"type":"branch","line":146,"loc":{"start":{"line":146,"column":13},"end":{"line":146,"column":83}},"locations":[{"start":{"line":146,"column":13},"end":{"line":146,"column":83}}]},"24":{"type":"branch","line":159,"loc":{"start":{"line":159,"column":13},"end":{"line":159,"column":83}},"locations":[{"start":{"line":159,"column":13},"end":{"line":159,"column":83}}]},"25":{"type":"branch","line":236,"loc":{"start":{"line":236,"column":20},"end":{"line":236,"column":49}},"locations":[{"start":{"line":236,"column":20},"end":{"line":236,"column":49}}]},"26":{"type":"branch","line":239,"loc":{"start":{"line":239,"column":11},"end":{"line":239,"column":32}},"locations":[{"start":{"line":239,"column":11},"end":{"line":239,"column":32}}]},"27":{"type":"branch","line":239,"loc":{"start":{"line":239,"column":20},"end":{"line":239,"column":53}},"locations":[{"start":{"line":239,"column":20},"end":{"line":239,"column":53}}]},"28":{"type":"branch","line":239,"loc":{"start":{"line":239,"column":32},"end":{"line":239,"column":48}},"locations":[{"start":{"line":239,"column":32},"end":{"line":239,"column":48}}]},"29":{"type":"branch","line":239,"loc":{"start":{"line":239,"column":41},"end":{"line":239,"column":53}},"locations":[{"start":{"line":239,"column":41},"end":{"line":239,"column":53}}]},"30":{"type":"branch","line":74,"loc":{"start":{"line":74,"column":12},"end":{"line":89,"column":5}},"locations":[{"start":{"line":74,"column":12},"end":{"line":89,"column":5}}]},"31":{"type":"branch","line":76,"loc":{"start":{"line":76,"column":55},"end":{"line":76,"column":63}},"locations":[{"start":{"line":76,"column":55},"end":{"line":76,"column":63}}]},"32":{"type":"branch","line":83,"loc":{"start":{"line":83,"column":27},"end":{"line":83,"column":36}},"locations":[{"start":{"line":83,"column":27},"end":{"line":83,"column":36}}]},"33":{"type":"branch","line":85,"loc":{"start":{"line":85,"column":9},"end":{"line":85,"column":42}},"locations":[{"start":{"line":85,"column":9},"end":{"line":85,"column":42}}]},"34":{"type":"branch","line":85,"loc":{"start":{"line":85,"column":20},"end":{"line":85,"column":42}},"locations":[{"start":{"line":85,"column":20},"end":{"line":85,"column":42}}]},"35":{"type":"branch","line":85,"loc":{"start":{"line":85,"column":29},"end":{"line":85,"column":59}},"locations":[{"start":{"line":85,"column":29},"end":{"line":85,"column":59}}]},"36":{"type":"branch","line":85,"loc":{"start":{"line":85,"column":59},"end":{"line":88,"column":5}},"locations":[{"start":{"line":85,"column":59},"end":{"line":88,"column":5}}]},"37":{"type":"branch","line":87,"loc":{"start":{"line":87,"column":14},"end":{"line":87,"column":69}},"locations":[{"start":{"line":87,"column":14},"end":{"line":87,"column":69}}]},"38":{"type":"branch","line":91,"loc":{"start":{"line":91,"column":2},"end":{"line":93,"column":3}},"locations":[{"start":{"line":91,"column":2},"end":{"line":93,"column":3}}]},"39":{"type":"branch","line":92,"loc":{"start":{"line":92,"column":12},"end":{"line":92,"column":51}},"locations":[{"start":{"line":92,"column":12},"end":{"line":92,"column":51}}]},"40":{"type":"branch","line":95,"loc":{"start":{"line":95,"column":2},"end":{"line":104,"column":3}},"locations":[{"start":{"line":95,"column":2},"end":{"line":104,"column":3}}]},"41":{"type":"branch","line":97,"loc":{"start":{"line":97,"column":28},"end":{"line":103,"column":5}},"locations":[{"start":{"line":97,"column":28},"end":{"line":103,"column":5}}]},"42":{"type":"branch","line":97,"loc":{"start":{"line":97,"column":28},"end":{"line":97,"column":35}},"locations":[{"start":{"line":97,"column":28},"end":{"line":97,"column":35}}]},"43":{"type":"branch","line":100,"loc":{"start":{"line":100,"column":25},"end":{"line":101,"column":6}},"locations":[{"start":{"line":100,"column":25},"end":{"line":101,"column":6}}]},"44":{"type":"branch","line":118,"loc":{"start":{"line":118,"column":22},"end":{"line":118,"column":64}},"locations":[{"start":{"line":118,"column":22},"end":{"line":118,"column":64}}]},"45":{"type":"branch","line":121,"loc":{"start":{"line":121,"column":34},"end":{"line":124,"column":23}},"locations":[{"start":{"line":121,"column":34},"end":{"line":124,"column":23}}]},"46":{"type":"branch","line":135,"loc":{"start":{"line":135,"column":22},"end":{"line":135,"column":61}},"locations":[{"start":{"line":135,"column":22},"end":{"line":135,"column":61}}]},"47":{"type":"branch","line":151,"loc":{"start":{"line":151,"column":22},"end":{"line":151,"column":65}},"locations":[{"start":{"line":151,"column":22},"end":{"line":151,"column":65}}]},"48":{"type":"branch","line":164,"loc":{"start":{"line":164,"column":22},"end":{"line":164,"column":63}},"locations":[{"start":{"line":164,"column":22},"end":{"line":164,"column":63}}]},"49":{"type":"branch","line":175,"loc":{"start":{"line":175,"column":18},"end":{"line":175,"column":60}},"locations":[{"start":{"line":175,"column":18},"end":{"line":175,"column":60}}]},"50":{"type":"branch","line":182,"loc":{"start":{"line":182,"column":18},"end":{"line":182,"column":56}},"locations":[{"start":{"line":182,"column":18},"end":{"line":182,"column":56}}]},"51":{"type":"branch","line":196,"loc":{"start":{"line":196,"column":22},"end":{"line":196,"column":60}},"locations":[{"start":{"line":196,"column":22},"end":{"line":196,"column":60}}]},"52":{"type":"branch","line":206,"loc":{"start":{"line":206,"column":22},"end":{"line":206,"column":78}},"locations":[{"start":{"line":206,"column":22},"end":{"line":206,"column":78}}]},"53":{"type":"branch","line":214,"loc":{"start":{"line":214,"column":22},"end":{"line":214,"column":73}},"locations":[{"start":{"line":214,"column":22},"end":{"line":214,"column":73}}]},"54":{"type":"branch","line":217,"loc":{"start":{"line":217,"column":37},"end":{"line":220,"column":23}},"locations":[{"start":{"line":217,"column":37},"end":{"line":220,"column":23}}]}},"b":{"0":[21],"1":[1],"2":[20],"3":[20],"4":[102],"5":[34],"6":[76],"7":[34],"8":[76],"9":[34],"10":[68],"11":[34],"12":[68],"13":[34],"14":[76],"15":[34],"16":[76],"17":[34],"18":[76],"19":[34],"20":[76],"21":[34],"22":[76],"23":[69],"24":[69],"25":[94],"26":[8],"27":[94],"28":[31],"29":[63],"30":[33],"31":[0],"32":[0],"33":[22],"34":[1],"35":[21],"36":[21],"37":[21],"38":[24],"39":[24],"40":[10],"41":[8],"42":[2],"43":[6],"44":[1],"45":[612],"46":[6],"47":[2],"48":[2],"49":[3],"50":[3],"51":[3],"52":[1],"53":[3],"54":[510]},"fnMap":{"0":{"name":"getLocalTimes","decl":{"start":{"line":42,"column":0},"end":{"line":52,"column":1}},"loc":{"start":{"line":42,"column":0},"end":{"line":52,"column":1}},"line":42},"1":{"name":"ActivityForm","decl":{"start":{"line":54,"column":0},"end":{"line":244,"column":1}},"loc":{"start":{"line":54,"column":0},"end":{"line":244,"column":1}},"line":54},"2":{"name":"update","decl":{"start":{"line":91,"column":2},"end":{"line":93,"column":3}},"loc":{"start":{"line":91,"column":2},"end":{"line":93,"column":3}},"line":91},"3":{"name":"handleSubmit","decl":{"start":{"line":95,"column":2},"end":{"line":104,"column":3}},"loc":{"start":{"line":95,"column":2},"end":{"line":104,"column":3}},"line":95},"4":{"name":"onChange","decl":{"start":{"line":118,"column":22},"end":{"line":118,"column":64}},"loc":{"start":{"line":118,"column":22},"end":{"line":118,"column":64}},"line":118},"5":{"name":"onChange","decl":{"start":{"line":135,"column":22},"end":{"line":135,"column":61}},"loc":{"start":{"line":135,"column":22},"end":{"line":135,"column":61}},"line":135},"6":{"name":"onChange","decl":{"start":{"line":151,"column":22},"end":{"line":151,"column":65}},"loc":{"start":{"line":151,"column":22},"end":{"line":151,"column":65}},"line":151},"7":{"name":"onChange","decl":{"start":{"line":164,"column":22},"end":{"line":164,"column":63}},"loc":{"start":{"line":164,"column":22},"end":{"line":164,"column":63}},"line":164},"8":{"name":"onChange","decl":{"start":{"line":175,"column":18},"end":{"line":175,"column":60}},"loc":{"start":{"line":175,"column":18},"end":{"line":175,"column":60}},"line":175},"9":{"name":"onChange","decl":{"start":{"line":182,"column":18},"end":{"line":182,"column":56}},"loc":{"start":{"line":182,"column":18},"end":{"line":182,"column":56}},"line":182},"10":{"name":"onChange","decl":{"start":{"line":196,"column":22},"end":{"line":196,"column":60}},"loc":{"start":{"line":196,"column":22},"end":{"line":196,"column":60}},"line":196},"11":{"name":"onChange","decl":{"start":{"line":206,"column":22},"end":{"line":206,"column":78}},"loc":{"start":{"line":206,"column":22},"end":{"line":206,"column":78}},"line":206},"12":{"name":"onChange","decl":{"start":{"line":214,"column":22},"end":{"line":214,"column":73}},"loc":{"start":{"line":214,"column":22},"end":{"line":214,"column":73}},"line":214}},"f":{"0":21,"1":102,"2":24,"3":10,"4":1,"5":6,"6":2,"7":2,"8":3,"9":3,"10":3,"11":1,"12":3}}
,"/Users/nhn/git-project/idean3885/trip-planner/src/components/ActivityList.tsx": {"path":"/Users/nhn/git-project/idean3885/trip-planner/src/components/ActivityList.tsx","all":false,"statementMap":{"2":{"start":{"line":3,"column":0},"end":{"line":3,"column":33}},"3":{"start":{"line":4,"column":0},"end":{"line":4,"column":44}},"5":{"start":{"line":6,"column":0},"end":{"line":6,"column":42}},"6":{"start":{"line":7,"column":0},"end":{"line":7,"column":69}},"29":{"start":{"line":30,"column":0},"end":{"line":30,"column":38}},"30":{"start":{"line":31,"column":0},"end":{"line":31,"column":9}},"31":{"start":{"line":32,"column":0},"end":{"line":32,"column":8}},"32":{"start":{"line":33,"column":0},"end":{"line":33,"column":32}},"33":{"start":{"line":34,"column":0},"end":{"line":34,"column":10}},"34":{"start":{"line":35,"column":0},"end":{"line":35,"column":23}},"35":{"start":{"line":36,"column":0},"end":{"line":36,"column":29}},"36":{"start":{"line":37,"column":0},"end":{"line":37,"column":66}},"37":{"start":{"line":38,"column":0},"end":{"line":38,"column":50}},"38":{"start":{"line":39,"column":0},"end":{"line":39,"column":66}},"40":{"start":{"line":41,"column":0},"end":{"line":41,"column":66}},"42":{"start":{"line":43,"column":0},"end":{"line":43,"column":55}},"43":{"start":{"line":44,"column":0},"end":{"line":44,"column":43}},"44":{"start":{"line":45,"column":0},"end":{"line":45,"column":30}},"45":{"start":{"line":46,"column":0},"end":{"line":46,"column":24}},"46":{"start":{"line":47,"column":0},"end":{"line":47,"column":6}},"47":{"start":{"line":48,"column":0},"end":{"line":48,"column":56}},"48":{"start":{"line":49,"column":0},"end":{"line":49,"column":50}},"49":{"start":{"line":50,"column":0},"end":{"line":50,"column":53}},"50":{"start":{"line":51,"column":0},"end":{"line":51,"column":41}},"51":{"start":{"line":52,"column":0},"end":{"line":52,"column":53}},"52":{"start":{"line":53,"column":0},"end":{"line":53,"column":53}},"53":{"start":{"line":54,"column":0},"end":{"line":54,"column":80}},"55":{"start":{"line":56,"column":0},"end":{"line":56,"column":38}},"56":{"start":{"line":57,"column":0},"end":{"line":57,"column":21}},"57":{"start":{"line":58,"column":0},"end":{"line":58,"column":54}},"58":{"start":{"line":59,"column":0},"end":{"line":59,"column":33}},"59":{"start":{"line":60,"column":0},"end":{"line":60,"column":7}},"60":{"start":{"line":61,"column":0},"end":{"line":61,"column":42}},"62":{"start":{"line":63,"column":0},"end":{"line":63,"column":37}},"63":{"start":{"line":64,"column":0},"end":{"line":64,"column":48}},"64":{"start":{"line":65,"column":0},"end":{"line":65,"column":23}},"65":{"start":{"line":66,"column":0},"end":{"line":66,"column":3}},"67":{"start":{"line":68,"column":0},"end":{"line":68,"column":75}},"68":{"start":{"line":69,"column":0},"end":{"line":69,"column":43}},"69":{"start":{"line":70,"column":0},"end":{"line":70,"column":30}},"70":{"start":{"line":71,"column":0},"end":{"line":71,"column":24}},"71":{"start":{"line":72,"column":0},"end":{"line":72,"column":40}},"72":{"start":{"line":73,"column":0},"end":{"line":73,"column":36}},"73":{"start":{"line":74,"column":0},"end":{"line":74,"column":38}},"74":{"start":{"line":75,"column":0},"end":{"line":75,"column":30}},"75":{"start":{"line":76,"column":0},"end":{"line":76,"column":53}},"76":{"start":{"line":77,"column":0},"end":{"line":77,"column":30}},"77":{"start":{"line":78,"column":0},"end":{"line":78,"column":56}},"78":{"start":{"line":79,"column":0},"end":{"line":79,"column":6}},"80":{"start":{"line":81,"column":0},"end":{"line":81,"column":57}},"81":{"start":{"line":82,"column":0},"end":{"line":82,"column":20}},"82":{"start":{"line":83,"column":0},"end":{"line":83,"column":54}},"83":{"start":{"line":84,"column":0},"end":{"line":84,"column":33}},"84":{"start":{"line":85,"column":0},"end":{"line":85,"column":7}},"85":{"start":{"line":86,"column":0},"end":{"line":86,"column":42}},"87":{"start":{"line":88,"column":0},"end":{"line":88,"column":37}},"88":{"start":{"line":89,"column":0},"end":{"line":89,"column":27}},"89":{"start":{"line":90,"column":0},"end":{"line":90,"column":58}},"90":{"start":{"line":91,"column":0},"end":{"line":91,"column":6}},"91":{"start":{"line":92,"column":0},"end":{"line":92,"column":23}},"92":{"start":{"line":93,"column":0},"end":{"line":93,"column":3}},"94":{"start":{"line":95,"column":0},"end":{"line":95,"column":51}},"95":{"start":{"line":96,"column":0},"end":{"line":96,"column":44}},"97":{"start":{"line":98,"column":0},"end":{"line":98,"column":78}},"98":{"start":{"line":99,"column":0},"end":{"line":99,"column":42}},"100":{"start":{"line":101,"column":0},"end":{"line":101,"column":69}},"101":{"start":{"line":102,"column":0},"end":{"line":102,"column":3}},"103":{"start":{"line":104,"column":0},"end":{"line":104,"column":75}},"104":{"start":{"line":105,"column":0},"end":{"line":105,"column":65}},"105":{"start":{"line":106,"column":0},"end":{"line":106,"column":24}},"106":{"start":{"line":107,"column":0},"end":{"line":107,"column":59}},"107":{"start":{"line":108,"column":0},"end":{"line":108,"column":60}},"109":{"start":{"line":110,"column":0},"end":{"line":110,"column":38}},"110":{"start":{"line":111,"column":0},"end":{"line":111,"column":80}},"111":{"start":{"line":112,"column":0},"end":{"line":112,"column":29}},"113":{"start":{"line":114,"column":0},"end":{"line":114,"column":50}},"114":{"start":{"line":115,"column":0},"end":{"line":115,"column":26}},"115":{"start":{"line":116,"column":0},"end":{"line":116,"column":22}},"116":{"start":{"line":117,"column":0},"end":{"line":117,"column":54}},"117":{"start":{"line":118,"column":0},"end":{"line":118,"column":43}},"118":{"start":{"line":119,"column":0},"end":{"line":119,"column":7}},"119":{"start":{"line":120,"column":0},"end":{"line":120,"column":3}},"121":{"start":{"line":122,"column":0},"end":{"line":122,"column":10}},"122":{"start":{"line":123,"column":0},"end":{"line":123,"column":31}},"123":{"start":{"line":124,"column":0},"end":{"line":124,"column":33}},"124":{"start":{"line":125,"column":0},"end":{"line":125,"column":71}},"125":{"start":{"line":126,"column":0},"end":{"line":126,"column":34}},"126":{"start":{"line":127,"column":0},"end":{"line":127,"column":13}},"129":{"start":{"line":130,"column":0},"end":{"line":130,"column":40}},"130":{"start":{"line":131,"column":0},"end":{"line":131,"column":37}},"131":{"start":{"line":132,"column":0},"end":{"line":132,"column":23}},"132":{"start":{"line":133,"column":0},"end":{"line":133,"column":29}},"133":{"start":{"line":134,"column":0},"end":{"line":134,"column":18}},"134":{"start":{"line":135,"column":0},"end":{"line":135,"column":22}},"135":{"start":{"line":136,"column":0},"end":{"line":136,"column":42}},"136":{"start":{"line":137,"column":0},"end":{"line":137,"column":36}},"137":{"start":{"line":138,"column":0},"end":{"line":138,"column":50}},"138":{"start":{"line":139,"column":0},"end":{"line":139,"column":46}},"139":{"start":{"line":140,"column":0},"end":{"line":140,"column":48}},"140":{"start":{"line":141,"column":0},"end":{"line":141,"column":40}},"141":{"start":{"line":142,"column":0},"end":{"line":142,"column":63}},"142":{"start":{"line":143,"column":0},"end":{"line":143,"column":42}},"143":{"start":{"line":144,"column":0},"end":{"line":144,"column":66}},"144":{"start":{"line":145,"column":0},"end":{"line":145,"column":14}},"145":{"start":{"line":146,"column":0},"end":{"line":146,"column":64}},"146":{"start":{"line":147,"column":0},"end":{"line":147,"column":47}},"147":{"start":{"line":148,"column":0},"end":{"line":148,"column":12}},"149":{"start":{"line":150,"column":0},"end":{"line":150,"column":23}},"150":{"start":{"line":151,"column":0},"end":{"line":151,"column":29}},"151":{"start":{"line":152,"column":0},"end":{"line":152,"column":31}},"152":{"start":{"line":153,"column":0},"end":{"line":153,"column":29}},"153":{"start":{"line":154,"column":0},"end":{"line":154,"column":31}},"154":{"start":{"line":155,"column":0},"end":{"line":155,"column":50}},"155":{"start":{"line":156,"column":0},"end":{"line":156,"column":52}},"156":{"start":{"line":157,"column":0},"end":{"line":157,"column":54}},"157":{"start":{"line":158,"column":0},"end":{"line":158,"column":58}},"158":{"start":{"line":159,"column":0},"end":{"line":159,"column":62}},"159":{"start":{"line":160,"column":0},"end":{"line":160,"column":12}},"161":{"start":{"line":162,"column":0},"end":{"line":162,"column":8}},"163":{"start":{"line":164,"column":0},"end":{"line":164,"column":19}},"164":{"start":{"line":165,"column":0},"end":{"line":165,"column":21}},"165":{"start":{"line":166,"column":0},"end":{"line":166,"column":33}},"166":{"start":{"line":167,"column":0},"end":{"line":167,"column":45}},"167":{"start":{"line":168,"column":0},"end":{"line":168,"column":10}},"169":{"start":{"line":170,"column":0},"end":{"line":170,"column":20}},"170":{"start":{"line":171,"column":0},"end":{"line":171,"column":17}},"171":{"start":{"line":172,"column":0},"end":{"line":172,"column":45}},"172":{"start":{"line":173,"column":0},"end":{"line":173,"column":186}},"173":{"start":{"line":174,"column":0},"end":{"line":174,"column":11}},"175":{"start":{"line":176,"column":0},"end":{"line":176,"column":19}},"178":{"start":{"line":179,"column":0},"end":{"line":179,"column":10}},"180":{"start":{"line":181,"column":0},"end":{"line":181,"column":1}}},"s":{"2":1,"3":1,"5":1,"6":1,"29":44,"30":44,"31":44,"32":44,"33":44,"34":44,"35":44,"36":44,"37":44,"38":44,"40":44,"42":44,"43":3,"44":3,"45":3,"46":3,"47":3,"48":3,"49":3,"50":3,"51":3,"52":3,"53":3,"55":3,"56":3,"57":3,"58":3,"59":3,"60":3,"62":2,"63":2,"64":2,"65":3,"67":44,"68":3,"69":3,"70":3,"71":3,"72":3,"73":3,"74":3,"75":3,"76":3,"77":3,"78":3,"80":3,"81":3,"82":3,"83":3,"84":3,"85":3,"87":2,"88":2,"89":2,"90":2,"91":2,"92":3,"94":44,"95":3,"97":2,"98":3,"100":1,"101":3,"103":44,"104":2,"105":2,"106":2,"107":2,"109":2,"110":2,"111":2,"113":2,"114":2,"115":2,"116":2,"117":2,"118":2,"119":2,"121":44,"122":44,"123":44,"124":29,"125":29,"126":29,"129":44,"130":36,"131":7,"132":7,"133":7,"134":7,"135":7,"136":7,"137":7,"138":7,"139":7,"140":7,"141":7,"142":7,"143":7,"144":7,"145":7,"146":7,"147":7,"149":29,"150":29,"151":29,"152":29,"153":29,"154":29,"155":29,"156":29,"157":29,"158":29,"159":29,"161":44,"163":44,"164":5,"165":5,"166":5,"167":5,"169":39,"170":37,"171":37,"172":37,"173":37,"175":37,"178":44,"180":44},"branchMap":{"0":{"type":"branch","line":30,"loc":{"start":{"line":30,"column":0},"end":{"line":181,"column":1}},"locations":[{"start":{"line":30,"column":0},"end":{"line":181,"column":1}}]},"1":{"type":"branch","line":124,"loc":{"start":{"line":124,"column":27},"end":{"line":127,"column":13}},"locations":[{"start":{"line":124,"column":27},"end":{"line":127,"column":13}}]},"2":{"type":"branch","line":164,"loc":{"start":{"line":164,"column":7},"end":{"line":168,"column":10}},"locations":[{"start":{"line":164,"column":7},"end":{"line":168,"column":10}}]},"3":{"type":"branch","line":168,"loc":{"start":{"line":168,"column":8},"end":{"line":176,"column":19}},"locations":[{"start":{"line":168,"column":8},"end":{"line":176,"column":19}}]},"4":{"type":"branch","line":170,"loc":{"start":{"line":170,"column":8},"end":{"line":176,"column":19}},"locations":[{"start":{"line":170,"column":8},"end":{"line":176,"column":19}}]},"5":{"type":"branch","line":43,"loc":{"start":{"line":43,"column":2},"end":{"line":66,"column":3}},"locations":[{"start":{"line":43,"column":2},"end":{"line":66,"column":3}}]},"6":{"type":"branch","line":50,"loc":{"start":{"line":50,"column":23},"end":{"line":50,"column":53}},"locations":[{"start":{"line":50,"column":23},"end":{"line":50,"column":53}}]},"7":{"type":"branch","line":51,"loc":{"start":{"line":51,"column":19},"end":{"line":51,"column":41}},"locations":[{"start":{"line":51,"column":19},"end":{"line":51,"column":41}}]},"8":{"type":"branch","line":52,"loc":{"start":{"line":52,"column":19},"end":{"line":52,"column":53}},"locations":[{"start":{"line":52,"column":19},"end":{"line":52,"column":53}}]},"9":{"type":"branch","line":54,"loc":{"start":{"line":54,"column":32},"end":{"line":54,"column":80}},"locations":[{"start":{"line":54,"column":32},"end":{"line":54,"column":80}}]},"10":{"type":"branch","line":61,"loc":{"start":{"line":61,"column":17},"end":{"line":61,"column":42}},"locations":[{"start":{"line":61,"column":17},"end":{"line":61,"column":42}}]},"11":{"type":"branch","line":61,"loc":{"start":{"line":61,"column":40},"end":{"line":65,"column":23}},"locations":[{"start":{"line":61,"column":40},"end":{"line":65,"column":23}}]},"12":{"type":"branch","line":64,"loc":{"start":{"line":64,"column":18},"end":{"line":64,"column":46}},"locations":[{"start":{"line":64,"column":18},"end":{"line":64,"column":46}}]},"13":{"type":"branch","line":68,"loc":{"start":{"line":68,"column":2},"end":{"line":93,"column":3}},"locations":[{"start":{"line":68,"column":2},"end":{"line":93,"column":3}}]},"14":{"type":"branch","line":72,"loc":{"start":{"line":72,"column":22},"end":{"line":72,"column":40}},"locations":[{"start":{"line":72,"column":22},"end":{"line":72,"column":40}}]},"15":{"type":"branch","line":73,"loc":{"start":{"line":73,"column":20},"end":{"line":73,"column":36}},"locations":[{"start":{"line":73,"column":20},"end":{"line":73,"column":36}}]},"16":{"type":"branch","line":74,"loc":{"start":{"line":74,"column":21},"end":{"line":74,"column":38}},"locations":[{"start":{"line":74,"column":21},"end":{"line":74,"column":38}}]},"17":{"type":"branch","line":76,"loc":{"start":{"line":76,"column":17},"end":{"line":76,"column":48}},"locations":[{"start":{"line":76,"column":17},"end":{"line":76,"column":48}}]},"18":{"type":"branch","line":86,"loc":{"start":{"line":86,"column":17},"end":{"line":86,"column":42}},"locations":[{"start":{"line":86,"column":17},"end":{"line":86,"column":42}}]},"19":{"type":"branch","line":86,"loc":{"start":{"line":86,"column":40},"end":{"line":92,"column":23}},"locations":[{"start":{"line":86,"column":40},"end":{"line":92,"column":23}}]},"20":{"type":"branch","line":89,"loc":{"start":{"line":89,"column":18},"end":{"line":90,"column":58}},"locations":[{"start":{"line":89,"column":18},"end":{"line":90,"column":58}}]},"21":{"type":"branch","line":90,"loc":{"start":{"line":90,"column":15},"end":{"line":90,"column":57}},"locations":[{"start":{"line":90,"column":15},"end":{"line":90,"column":57}}]},"22":{"type":"branch","line":90,"loc":{"start":{"line":90,"column":45},"end":{"line":90,"column":57}},"locations":[{"start":{"line":90,"column":45},"end":{"line":90,"column":57}}]},"23":{"type":"branch","line":95,"loc":{"start":{"line":95,"column":2},"end":{"line":102,"column":3}},"locations":[{"start":{"line":95,"column":2},"end":{"line":102,"column":3}}]},"24":{"type":"branch","line":96,"loc":{"start":{"line":96,"column":37},"end":{"line":96,"column":44}},"locations":[{"start":{"line":96,"column":37},"end":{"line":96,"column":44}}]},"25":{"type":"branch","line":96,"loc":{"start":{"line":96,"column":37},"end":{"line":99,"column":23}},"locations":[{"start":{"line":96,"column":37},"end":{"line":99,"column":23}}]},"26":{"type":"branch","line":99,"loc":{"start":{"line":99,"column":17},"end":{"line":101,"column":69}},"locations":[{"start":{"line":99,"column":17},"end":{"line":101,"column":69}}]},"27":{"type":"branch","line":101,"loc":{"start":{"line":101,"column":18},"end":{"line":101,"column":67}},"locations":[{"start":{"line":101,"column":18},"end":{"line":101,"column":67}}]},"28":{"type":"branch","line":101,"loc":{"start":{"line":101,"column":40},"end":{"line":101,"column":66}},"locations":[{"start":{"line":101,"column":40},"end":{"line":101,"column":66}}]},"29":{"type":"branch","line":104,"loc":{"start":{"line":104,"column":2},"end":{"line":120,"column":3}},"locations":[{"start":{"line":104,"column":2},"end":{"line":120,"column":3}}]},"30":{"type":"branch","line":106,"loc":{"start":{"line":106,"column":17},"end":{"line":106,"column":24}},"locations":[{"start":{"line":106,"column":17},"end":{"line":106,"column":24}}]},"31":{"type":"branch","line":107,"loc":{"start":{"line":107,"column":34},"end":{"line":107,"column":51}},"locations":[{"start":{"line":107,"column":34},"end":{"line":107,"column":51}}]},"32":{"type":"branch","line":107,"loc":{"start":{"line":107,"column":47},"end":{"line":107,"column":59}},"locations":[{"start":{"line":107,"column":47},"end":{"line":107,"column":59}}]},"33":{"type":"branch","line":108,"loc":{"start":{"line":108,"column":53},"end":{"line":108,"column":60}},"locations":[{"start":{"line":108,"column":53},"end":{"line":108,"column":60}}]},"34":{"type":"branch","line":105,"loc":{"start":{"line":105,"column":37},"end":{"line":105,"column":63}},"locations":[{"start":{"line":105,"column":37},"end":{"line":105,"column":63}}]},"35":{"type":"branch","line":114,"loc":{"start":{"line":114,"column":37},"end":{"line":114,"column":48}},"locations":[{"start":{"line":114,"column":37},"end":{"line":114,"column":48}}]},"36":{"type":"branch","line":130,"loc":{"start":{"line":130,"column":22},"end":{"line":160,"column":12}},"locations":[{"start":{"line":130,"column":22},"end":{"line":160,"column":12}}]},"37":{"type":"branch","line":131,"loc":{"start":{"line":131,"column":31},"end":{"line":148,"column":12}},"locations":[{"start":{"line":131,"column":31},"end":{"line":148,"column":12}}]},"38":{"type":"branch","line":138,"loc":{"start":{"line":138,"column":34},"end":{"line":138,"column":50}},"locations":[{"start":{"line":138,"column":34},"end":{"line":138,"column":50}}]},"39":{"type":"branch","line":139,"loc":{"start":{"line":139,"column":32},"end":{"line":139,"column":46}},"locations":[{"start":{"line":139,"column":32},"end":{"line":139,"column":46}}]},"40":{"type":"branch","line":140,"loc":{"start":{"line":140,"column":33},"end":{"line":140,"column":48}},"locations":[{"start":{"line":140,"column":33},"end":{"line":140,"column":48}}]},"41":{"type":"branch","line":141,"loc":{"start":{"line":141,"column":29},"end":{"line":141,"column":40}},"locations":[{"start":{"line":141,"column":29},"end":{"line":141,"column":40}}]},"42":{"type":"branch","line":142,"loc":{"start":{"line":142,"column":29},"end":{"line":142,"column":60}},"locations":[{"start":{"line":142,"column":29},"end":{"line":142,"column":60}}]},"43":{"type":"branch","line":142,"loc":{"start":{"line":142,"column":56},"end":{"line":142,"column":63}},"locations":[{"start":{"line":142,"column":56},"end":{"line":142,"column":63}}]},"44":{"type":"branch","line":144,"loc":{"start":{"line":144,"column":42},"end":{"line":144,"column":66}},"locations":[{"start":{"line":144,"column":42},"end":{"line":144,"column":66}}]},"45":{"type":"branch","line":148,"loc":{"start":{"line":148,"column":10},"end":{"line":160,"column":12}},"locations":[{"start":{"line":148,"column":10},"end":{"line":160,"column":12}}]},"46":{"type":"branch","line":146,"loc":{"start":{"line":146,"column":22},"end":{"line":146,"column":64}},"locations":[{"start":{"line":146,"column":22},"end":{"line":146,"column":64}}]},"47":{"type":"branch","line":147,"loc":{"start":{"line":147,"column":22},"end":{"line":147,"column":47}},"locations":[{"start":{"line":147,"column":22},"end":{"line":147,"column":47}}]},"48":{"type":"branch","line":156,"loc":{"start":{"line":156,"column":20},"end":{"line":156,"column":52}},"locations":[{"start":{"line":156,"column":20},"end":{"line":156,"column":52}}]},"49":{"type":"branch","line":157,"loc":{"start":{"line":157,"column":22},"end":{"line":157,"column":54}},"locations":[{"start":{"line":157,"column":22},"end":{"line":157,"column":54}}]},"50":{"type":"branch","line":158,"loc":{"start":{"line":158,"column":22},"end":{"line":158,"column":58}},"locations":[{"start":{"line":158,"column":22},"end":{"line":158,"column":58}}]},"51":{"type":"branch","line":159,"loc":{"start":{"line":159,"column":24},"end":{"line":159,"column":62}},"locations":[{"start":{"line":159,"column":24},"end":{"line":159,"column":62}}]},"52":{"type":"branch","line":167,"loc":{"start":{"line":167,"column":20},"end":{"line":167,"column":45}},"locations":[{"start":{"line":167,"column":20},"end":{"line":167,"column":45}}]},"53":{"type":"branch","line":172,"loc":{"start":{"line":172,"column":21},"end":{"line":172,"column":45}},"locations":[{"start":{"line":172,"column":21},"end":{"line":172,"column":45}}]}},"b":{"0":[44],"1":[29],"2":[5],"3":[39],"4":[37],"5":[3],"6":[1],"7":[1],"8":[1],"9":[1],"10":[1],"11":[2],"12":[2],"13":[3],"14":[1],"15":[1],"16":[1],"17":[0],"18":[1],"19":[2],"20":[2],"21":[2],"22":[0],"23":[3],"24":[1],"25":[2],"26":[1],"27":[1],"28":[1],"29":[2],"30":[0],"31":[1],"32":[1],"33":[0],"34":[3],"35":[4],"36":[36],"37":[7],"38":[1],"39":[1],"40":[1],"41":[6],"42":[2],"43":[5],"44":[6],"45":[29],"46":[3],"47":[1],"48":[7],"49":[3],"50":[1],"51":[1],"52":[1],"53":[5]},"fnMap":{"0":{"name":"ActivityList","decl":{"start":{"line":30,"column":0},"end":{"line":181,"column":1}},"loc":{"start":{"line":30,"column":0},"end":{"line":181,"column":1}},"line":30},"1":{"name":"handleCreate","decl":{"start":{"line":43,"column":2},"end":{"line":66,"column":3}},"loc":{"start":{"line":43,"column":2},"end":{"line":66,"column":3}},"line":43},"2":{"name":"handleUpdate","decl":{"start":{"line":68,"column":2},"end":{"line":93,"column":3}},"loc":{"start":{"line":68,"column":2},"end":{"line":93,"column":3}},"line":68},"3":{"name":"handleDelete","decl":{"start":{"line":95,"column":2},"end":{"line":102,"column":3}},"loc":{"start":{"line":95,"column":2},"end":{"line":102,"column":3}},"line":95},"4":{"name":"handleMove","decl":{"start":{"line":104,"column":2},"end":{"line":120,"column":3}},"loc":{"start":{"line":104,"column":2},"end":{"line":120,"column":3}},"line":104},"5":{"name":"onSubmit","decl":{"start":{"line":146,"column":22},"end":{"line":146,"column":64}},"loc":{"start":{"line":146,"column":22},"end":{"line":146,"column":64}},"line":146},"6":{"name":"onCancel","decl":{"start":{"line":147,"column":22},"end":{"line":147,"column":47}},"loc":{"start":{"line":147,"column":22},"end":{"line":147,"column":47}},"line":147},"7":{"name":"onEdit","decl":{"start":{"line":156,"column":20},"end":{"line":156,"column":52}},"loc":{"start":{"line":156,"column":20},"end":{"line":156,"column":52}},"line":156},"8":{"name":"onDelete","decl":{"start":{"line":157,"column":22},"end":{"line":157,"column":54}},"loc":{"start":{"line":157,"column":22},"end":{"line":157,"column":54}},"line":157},"9":{"name":"onMoveUp","decl":{"start":{"line":158,"column":22},"end":{"line":158,"column":58}},"loc":{"start":{"line":158,"column":22},"end":{"line":158,"column":58}},"line":158},"10":{"name":"onMoveDown","decl":{"start":{"line":159,"column":24},"end":{"line":159,"column":62}},"loc":{"start":{"line":159,"column":24},"end":{"line":159,"column":62}},"line":159},"11":{"name":"onCancel","decl":{"start":{"line":167,"column":20},"end":{"line":167,"column":45}},"loc":{"start":{"line":167,"column":20},"end":{"line":167,"column":45}},"line":167},"12":{"name":"onClick","decl":{"start":{"line":172,"column":21},"end":{"line":172,"column":45}},"loc":{"start":{"line":172,"column":21},"end":{"line":172,"column":45}},"line":172}},"f":{"0":44,"1":3,"2":3,"3":3,"4":2,"5":3,"6":1,"7":7,"8":3,"9":1,"10":1,"11":1,"12":5}}
}
